<?xml version="1.0" encoding="UTF-8"?>
<!-- Generated by org.testng.reporters.JUnitXMLReporter -->
<testsuite hostname="harisha" name="AUTO-RESTART-TESTS" tests="5" failures="0" timestamp="18 Feb 2015 10:05:58 GMT" time="688.685" errors="0">
  <testcase name="init" time="0.004" classname="com.apple.carnival.api.request.AutoRestartTests"/>
  <testcase name="createAndScheduleRequestTestToInstallPackage" time="33.469" classname="com.apple.carnival.api.request.AutoRestartTests"/>
  <testcase name="validateConfLineOnWD40Host" time="36.741" classname="com.apple.carnival.api.request.AutoRestartTests"/>
  <testcase name="verifyAppInstanceRestart" time="307.346" classname="com.apple.carnival.api.request.AutoRestartTests"/>
  <testcase name="verifyAppInstanceRestart" time="305.722" classname="com.apple.carnival.api.request.AutoRestartTests"/>
</testsuite> <!-- AUTO-RESTART-TESTS -->
