<?xml version="1.0" encoding="UTF-8"?>
<!-- Generated by org.testng.reporters.JUnitXMLReporter -->
<testsuite hostname="harisha" name="LOCAL-INSTALL-HOTFIX-TESTS" tests="55" failures="1" timestamp="3 Apr 2015 05:09:49 GMT" time="3355.089" errors="0">
  <testcase name="init" time="0.004" classname="com.apple.carnival.ui.localinstall.LocalInstallHotfixWhenPackageIsUnavailableTests"/>
  <testcase name="installPackageUsingValidPackageName" time="35.601" classname="com.apple.carnival.ui.localinstall.LocalInstallHotfixWhenPackageIsUnavailableTests"/>
  <testcase name="validateTaskDetailsPage" time="37.252" classname="com.apple.carnival.ui.localinstall.LocalInstallHotfixWhenPackageIsUnavailableTests"/>
  <testcase name="validateTaskDetailsLogs" time="2.222" classname="com.apple.carnival.ui.localinstall.LocalInstallHotfixWhenPackageIsUnavailableTests"/>
  <testcase name="validateEnvironmentInfoPageToCheckPackageIsCurrent" time="955.343" classname="com.apple.carnival.ui.localinstall.LocalInstallHotfixWhenPackageIsUnavailableTests"/>
  <testcase name="validateFileSystemOnWD40Host1ToCheckSerFileExists" time="2.758" classname="com.apple.carnival.ui.localinstall.LocalInstallHotfixWhenPackageIsUnavailableTests"/>
  <testcase name="validateFileSystemOnWD40Host2ToCheckSerFileExists" time="2.443" classname="com.apple.carnival.ui.localinstall.LocalInstallHotfixWhenPackageIsUnavailableTests"/>
  <testcase name="validateFileSystemOnCarnivalHostToCheckSerFileExists" time="2.38" classname="com.apple.carnival.ui.localinstall.LocalInstallHotfixWhenPackageIsUnavailableTests"/>
  <testcase name="validateFileSystemOnWD40HostToCheckCorruptFileDoesNotExists" time="2.416" classname="com.apple.carnival.ui.localinstall.LocalInstallHotfixWhenPackageIsUnavailableTests"/>
  <testcase name="validateFileSystemOnCarnivalHostToCheckCorruptFileDoesNotExists" time="2.345" classname="com.apple.carnival.ui.localinstall.LocalInstallHotfixWhenPackageIsUnavailableTests"/>
  <testcase name="uninstallPackageFromCarnivalHostWhileItsCurrent" time="37.838" classname="com.apple.carnival.ui.localinstall.LocalInstallHotfixWhenPackageIsUnavailableTests"/>
  <testcase name="validateEnvironmentInfoPageToCheckPackageIsNotCurrent" time="18.259" classname="com.apple.carnival.ui.localinstall.LocalInstallHotfixWhenPackageIsUnavailableTests"/>
  <testcase name="validateTaskDetailsPageAfterUninstall" time="37.697" classname="com.apple.carnival.ui.localinstall.LocalInstallHotfixWhenPackageIsUnavailableTests"/>
  <testcase name="validateTaskDetailsLogsAfterUinstall" time="2.314" classname="com.apple.carnival.ui.localinstall.LocalInstallHotfixWhenPackageIsUnavailableTests"/>
  <testcase name="validateFileSystemOnWD40Host1ToCheckSerFileDoesNotExists" time="3.185" classname="com.apple.carnival.ui.localinstall.LocalInstallHotfixWhenPackageIsUnavailableTests"/>
  <testcase name="validateFileSystemOnWD40Host2ToCheckSerFileDoesNotExists" time="2.783" classname="com.apple.carnival.ui.localinstall.LocalInstallHotfixWhenPackageIsUnavailableTests"/>
  <testcase name="validateFileSystemOnCarnivalHostToCheckSerFileDoesNotExists" time="2.644" classname="com.apple.carnival.ui.localinstall.LocalInstallHotfixWhenPackageIsUnavailableTests"/>
  <testcase name="init" time="0.001" classname="com.apple.carnival.ui.localinstall.LocalInstallHotfixUsingForceInstallOptionWhenPackageIsAvailableTests"/>
  <testcase name="installPackageUsingValidPackageName" time="41.156" classname="com.apple.carnival.ui.localinstall.LocalInstallHotfixUsingForceInstallOptionWhenPackageIsAvailableTests">
    <failure type="org.openqa.selenium.TimeoutException" message="Timed out waiting for page load.
Command duration or timeout: 10.01 seconds
Build info: version: &amp;apos;2.43.1&amp;apos;, revision: &amp;apos;5163bceef1bc36d43f3dc0b83c88998168a363a0&amp;apos;, time: &amp;apos;2014-09-10 09:43:55&amp;apos;
System info: host: &amp;apos;harisha&amp;apos;, ip: &amp;apos;17.115.163.211&amp;apos;, os.name: &amp;apos;Mac OS X&amp;apos;, os.arch: &amp;apos;x86_64&amp;apos;, os.version: &amp;apos;10.10.1&amp;apos;, java.version: &amp;apos;1.7.0_67&amp;apos;
Session ID: 829ea54f-2d3e-af44-b75c-271cb7b63a59
Driver info: org.openqa.selenium.firefox.FirefoxDriver
Capabilities [{platform=MAC, databaseEnabled=true, cssSelectorsEnabled=true, javascriptEnabled=true, acceptSslCerts=true, handlesAlerts=true, browserName=firefox, webStorageEnabled=true, nativeEvents=false, rotatable=false, locationContextEnabled=true, applicationCacheEnabled=true, takesScreenshot=true, version=31.6.0}]">
      <![CDATA[org.openqa.selenium.TimeoutException: Timed out waiting for page load.
Command duration or timeout: 10.01 seconds
Build info: version: '2.43.1', revision: '5163bceef1bc36d43f3dc0b83c88998168a363a0', time: '2014-09-10 09:43:55'
System info: host: 'harisha', ip: '17.115.163.211', os.name: 'Mac OS X', os.arch: 'x86_64', os.version: '10.10.1', java.version: '1.7.0_67'
Session ID: 829ea54f-2d3e-af44-b75c-271cb7b63a59
Driver info: org.openqa.selenium.firefox.FirefoxDriver
Capabilities [{platform=MAC, databaseEnabled=true, cssSelectorsEnabled=true, javascriptEnabled=true, acceptSslCerts=true, handlesAlerts=true, browserName=firefox, webStorageEnabled=true, nativeEvents=false, rotatable=false, locationContextEnabled=true, applicationCacheEnabled=true, takesScreenshot=true, version=31.6.0}]
	at org.openqa.selenium.remote.ErrorHandler.createThrowable(ErrorHandler.java:204)
	at org.openqa.selenium.remote.ErrorHandler.throwIfResponseFailed(ErrorHandler.java:156)
	at org.openqa.selenium.remote.RemoteWebDriver.execute(RemoteWebDriver.java:599)
	at org.openqa.selenium.remote.RemoteWebElement.execute(RemoteWebElement.java:268)
	at org.openqa.selenium.remote.RemoteWebElement.click(RemoteWebElement.java:79)
	at com.apple.carnival.ui.CreateRequestPage.peformLocalInstallHotfix(CreateRequestPage.java:209)
	at com.apple.carnival.ui.localinstall.LocalInstallHotfixUsingForceInstallOptionWhenPackageIsAvailableTests.installPackageUsingValidPackageName(LocalInstallHotfixUsingForceInstallOptionWhenPackageIsAvailableTests.java:101)
Caused by: org.openqa.selenium.TimeoutException: Timed out waiting for page load.
Build info: version: '2.43.1', revision: '5163bceef1bc36d43f3dc0b83c88998168a363a0', time: '2014-09-10 09:43:55'
System info: host: 'harisha', ip: '17.115.163.211', os.name: 'Mac OS X', os.arch: 'x86_64', os.version: '10.10.1', java.version: '1.7.0_67'
Driver info: driver.version: unknown
	at <anonymous class>.Utils.installClickListener/e<(file:///var/folders/lh/brv7ff4d2k180g0g43cb00h00000gn/T/anonymous7287515061881047922webdriver-profile/extensions/fxdriver@googlecode.com/components/command-processor.js:8228:5)
	at <anonymous class>.WebLoadingListener/e(file:///var/folders/lh/brv7ff4d2k180g0g43cb00h00000gn/T/anonymous7287515061881047922webdriver-profile/extensions/fxdriver@googlecode.com/components/command-processor.js:4120:7)
	at <anonymous class>.WebLoadingListener/<(file:///var/folders/lh/brv7ff4d2k180g0g43cb00h00000gn/T/anonymous7287515061881047922webdriver-profile/extensions/fxdriver@googlecode.com/components/command-processor.js:4128:7)
	at <anonymous class>.fxdriver.Timer.prototype.setTimeout/<.notify(file:///var/folders/lh/brv7ff4d2k180g0g43cb00h00000gn/T/anonymous7287515061881047922webdriver-profile/extensions/fxdriver@googlecode.com/components/command-processor.js:548:5)
... Removed 28 stack frames]]>
    </failure>
  </testcase> <!-- installPackageUsingValidPackageName -->
  <testcase name="validateEnvironmentInfoPageToCheckPackageIsCurrent" time="0.0" classname="com.apple.carnival.ui.localinstall.LocalInstallHotfixUsingForceInstallOptionWhenPackageIsAvailableTests">
    <skipped/>
  </testcase> <!-- validateEnvironmentInfoPageToCheckPackageIsCurrent -->
  <testcase name="reinstallExistingPackageUsingForceOption" time="0.001" classname="com.apple.carnival.ui.localinstall.LocalInstallHotfixUsingForceInstallOptionWhenPackageIsAvailableTests">
    <skipped/>
  </testcase> <!-- reinstallExistingPackageUsingForceOption -->
  <testcase name="validateTaskDetailsPageAfterReinstall" time="0.0" classname="com.apple.carnival.ui.localinstall.LocalInstallHotfixUsingForceInstallOptionWhenPackageIsAvailableTests">
    <skipped/>
  </testcase> <!-- validateTaskDetailsPageAfterReinstall -->
  <testcase name="validateTaskDetailsLogsAfterReinstall" time="0.0" classname="com.apple.carnival.ui.localinstall.LocalInstallHotfixUsingForceInstallOptionWhenPackageIsAvailableTests">
    <skipped/>
  </testcase> <!-- validateTaskDetailsLogsAfterReinstall -->
  <testcase name="validateEnvironmentInfoPageToCheckPackageIsCurrentAfterReinstall" time="0.001" classname="com.apple.carnival.ui.localinstall.LocalInstallHotfixUsingForceInstallOptionWhenPackageIsAvailableTests">
    <skipped/>
  </testcase> <!-- validateEnvironmentInfoPageToCheckPackageIsCurrentAfterReinstall -->
  <testcase name="validateFileSystemOnWD40Host1ToCheckSerFileExists" time="0.0" classname="com.apple.carnival.ui.localinstall.LocalInstallHotfixUsingForceInstallOptionWhenPackageIsAvailableTests">
    <skipped/>
  </testcase> <!-- validateFileSystemOnWD40Host1ToCheckSerFileExists -->
  <testcase name="validateFileSystemOnWD40Host2ToCheckSerFileExists" time="0.0" classname="com.apple.carnival.ui.localinstall.LocalInstallHotfixUsingForceInstallOptionWhenPackageIsAvailableTests">
    <skipped/>
  </testcase> <!-- validateFileSystemOnWD40Host2ToCheckSerFileExists -->
  <testcase name="validateFileSystemOnCarnivalHostToCheckSerFileExists" time="0.0" classname="com.apple.carnival.ui.localinstall.LocalInstallHotfixUsingForceInstallOptionWhenPackageIsAvailableTests">
    <skipped/>
  </testcase> <!-- validateFileSystemOnCarnivalHostToCheckSerFileExists -->
  <testcase name="validateFileSystemOnWD40HostToCheckCorruptFileDoesNotExists" time="0.0" classname="com.apple.carnival.ui.localinstall.LocalInstallHotfixUsingForceInstallOptionWhenPackageIsAvailableTests">
    <skipped/>
  </testcase> <!-- validateFileSystemOnWD40HostToCheckCorruptFileDoesNotExists -->
  <testcase name="validateFileSystemOnCarnivalHostToCheckCorruptFileDoesNotExists" time="0.0" classname="com.apple.carnival.ui.localinstall.LocalInstallHotfixUsingForceInstallOptionWhenPackageIsAvailableTests">
    <skipped/>
  </testcase> <!-- validateFileSystemOnCarnivalHostToCheckCorruptFileDoesNotExists -->
  <testcase name="uninstallPackageFromCarnivalHostWhileItsCurrent" time="0.0" classname="com.apple.carnival.ui.localinstall.LocalInstallHotfixUsingForceInstallOptionWhenPackageIsAvailableTests">
    <skipped/>
  </testcase> <!-- uninstallPackageFromCarnivalHostWhileItsCurrent -->
  <testcase name="validateEnvironmentInfoPageToCheckPackageIsNotCurrent" time="0.001" classname="com.apple.carnival.ui.localinstall.LocalInstallHotfixUsingForceInstallOptionWhenPackageIsAvailableTests">
    <skipped/>
  </testcase> <!-- validateEnvironmentInfoPageToCheckPackageIsNotCurrent -->
  <testcase name="validateTaskDetailsPageAfterUninstall" time="0.0" classname="com.apple.carnival.ui.localinstall.LocalInstallHotfixUsingForceInstallOptionWhenPackageIsAvailableTests">
    <skipped/>
  </testcase> <!-- validateTaskDetailsPageAfterUninstall -->
  <testcase name="validateTaskDetailsLogsAfterUinstall" time="0.0" classname="com.apple.carnival.ui.localinstall.LocalInstallHotfixUsingForceInstallOptionWhenPackageIsAvailableTests">
    <skipped/>
  </testcase> <!-- validateTaskDetailsLogsAfterUinstall -->
  <testcase name="validateFileSystemOnWD40Host1ToCheckSerFileDoesNotExists" time="0.0" classname="com.apple.carnival.ui.localinstall.LocalInstallHotfixUsingForceInstallOptionWhenPackageIsAvailableTests">
    <skipped/>
  </testcase> <!-- validateFileSystemOnWD40Host1ToCheckSerFileDoesNotExists -->
  <testcase name="validateFileSystemOnWD40Host2ToCheckSerFileDoesNotExists" time="0.0" classname="com.apple.carnival.ui.localinstall.LocalInstallHotfixUsingForceInstallOptionWhenPackageIsAvailableTests">
    <skipped/>
  </testcase> <!-- validateFileSystemOnWD40Host2ToCheckSerFileDoesNotExists -->
  <testcase name="validateFileSystemOnCarnivalHostToCheckSerFileDoesNotExists" time="0.0" classname="com.apple.carnival.ui.localinstall.LocalInstallHotfixUsingForceInstallOptionWhenPackageIsAvailableTests">
    <skipped/>
  </testcase> <!-- validateFileSystemOnCarnivalHostToCheckSerFileDoesNotExists -->
  <testcase name="init" time="0.0" classname="com.apple.carnival.ui.localinstall.LocalInstallHotfixUsingNoForceInstallOptionWhenPackageIsAvailableTests"/>
  <testcase name="installPackageUsingValidPackageName" time="38.326" classname="com.apple.carnival.ui.localinstall.LocalInstallHotfixUsingNoForceInstallOptionWhenPackageIsAvailableTests"/>
  <testcase name="validateEnvironmentInfoPageToCheckPackageIsCurrent" time="955.334" classname="com.apple.carnival.ui.localinstall.LocalInstallHotfixUsingNoForceInstallOptionWhenPackageIsAvailableTests"/>
  <testcase name="reinstallExistingPackageUsingNoForceOption" time="35.682" classname="com.apple.carnival.ui.localinstall.LocalInstallHotfixUsingNoForceInstallOptionWhenPackageIsAvailableTests"/>
  <testcase name="validateTaskDetailsPageAfterReinstall" time="37.249" classname="com.apple.carnival.ui.localinstall.LocalInstallHotfixUsingNoForceInstallOptionWhenPackageIsAvailableTests"/>
  <testcase name="validateTaskDetailsLogsAfterReinstall" time="2.229" classname="com.apple.carnival.ui.localinstall.LocalInstallHotfixUsingNoForceInstallOptionWhenPackageIsAvailableTests"/>
  <testcase name="validateEnvironmentInfoPageToCheckPackageIsCurrentAfterReinstall" time="955.316" classname="com.apple.carnival.ui.localinstall.LocalInstallHotfixUsingNoForceInstallOptionWhenPackageIsAvailableTests"/>
  <testcase name="validateFileSystemOnWD40Host1ToCheckSerFileExists" time="2.387" classname="com.apple.carnival.ui.localinstall.LocalInstallHotfixUsingNoForceInstallOptionWhenPackageIsAvailableTests"/>
  <testcase name="validateFileSystemOnWD40Host2ToCheckSerFileExists" time="2.418" classname="com.apple.carnival.ui.localinstall.LocalInstallHotfixUsingNoForceInstallOptionWhenPackageIsAvailableTests"/>
  <testcase name="validateFileSystemOnCarnivalHostToCheckSerFileExists" time="2.409" classname="com.apple.carnival.ui.localinstall.LocalInstallHotfixUsingNoForceInstallOptionWhenPackageIsAvailableTests"/>
  <testcase name="validateFileSystemOnWD40HostToCheckCorruptFileDoesNotExists" time="2.398" classname="com.apple.carnival.ui.localinstall.LocalInstallHotfixUsingNoForceInstallOptionWhenPackageIsAvailableTests"/>
  <testcase name="validateFileSystemOnCarnivalHostToCheckCorruptFileDoesNotExists" time="2.389" classname="com.apple.carnival.ui.localinstall.LocalInstallHotfixUsingNoForceInstallOptionWhenPackageIsAvailableTests"/>
  <testcase name="uninstallPackageFromCarnivalHostWhileItsCurrent" time="37.685" classname="com.apple.carnival.ui.localinstall.LocalInstallHotfixUsingNoForceInstallOptionWhenPackageIsAvailableTests"/>
  <testcase name="validateEnvironmentInfoPageToCheckPackageIsNotCurrent" time="18.328" classname="com.apple.carnival.ui.localinstall.LocalInstallHotfixUsingNoForceInstallOptionWhenPackageIsAvailableTests"/>
  <testcase name="validateTaskDetailsPageAfterUninstall" time="37.225" classname="com.apple.carnival.ui.localinstall.LocalInstallHotfixUsingNoForceInstallOptionWhenPackageIsAvailableTests"/>
  <testcase name="validateTaskDetailsLogsAfterUinstall" time="2.24" classname="com.apple.carnival.ui.localinstall.LocalInstallHotfixUsingNoForceInstallOptionWhenPackageIsAvailableTests"/>
  <testcase name="validateFileSystemOnWD40Host1ToCheckSerFileDoesNotExists" time="2.339" classname="com.apple.carnival.ui.localinstall.LocalInstallHotfixUsingNoForceInstallOptionWhenPackageIsAvailableTests"/>
  <testcase name="validateFileSystemOnWD40Host2ToCheckSerFileDoesNotExists" time="2.385" classname="com.apple.carnival.ui.localinstall.LocalInstallHotfixUsingNoForceInstallOptionWhenPackageIsAvailableTests"/>
  <testcase name="validateFileSystemOnCarnivalHostToCheckSerFileDoesNotExists" time="2.327" classname="com.apple.carnival.ui.localinstall.LocalInstallHotfixUsingNoForceInstallOptionWhenPackageIsAvailableTests"/>
</testsuite> <!-- LOCAL-INSTALL-HOTFIX-TESTS -->
