<?xml version="1.0" encoding="UTF-8"?>
<testsuite name="PACKAGE-INSTALL-TESTS"
           tests="8"
           failures="0"
           errors="0"
           skipped="0"
           time="122.600">
  <properties />
  
  
            <testcase name="createAndScheduleRequestTest" time="7.399" classname="com.apple.carnival.api.request.WD40HostClownBuildRequestTests" />
                <testcase name="uninstallClownPackageUsingCreateRequestWorkFlowWithForce" time="38.266" classname="com.apple.carnival.api.request.WD40HostClownBuildRequestTests" />
                <testcase name="sshCheckClownPackageDoesNotExistsOnWD40Host" time="20.301" classname="com.apple.carnival.api.request.WD40HostClownBuildRequestTests" />
                <testcase name="createAndScheduleRequestTest" time="7.136" classname="com.apple.carnival.api.request.WD40HostClownBuildRequestTests" />
                <testcase name="sshCheckClownPackageExistsOnWD40Host" time="5.519" classname="com.apple.carnival.api.request.WD40HostClownBuildRequestTests" />
                <testcase name="init" time="0.000" classname="com.apple.carnival.api.request.WD40HostClownBuildRequestTests" />
                <testcase name="carnivalUICheckClownPackageDoesNotExistsOnWD40Host" time="10.740" classname="com.apple.carnival.api.request.WD40HostClownBuildRequestTests" />
                <testcase name="carnivalUICheckClownPackageExistsOnWD40Host" time="33.239" classname="com.apple.carnival.api.request.WD40HostClownBuildRequestTests" />
      
</testsuite>
