<?xml version="1.0" encoding="UTF-8"?>
<testsuite name="AUTO-RESTART-TESTS"
           tests="5"
           failures="0"
           errors="0"
           skipped="0"
           time="683.282">
  <properties />
  
  
            <testcase name="verifyAppInstanceRestart" time="307.346" classname="com.apple.carnival.api.request.AutoRestartTests" />
                <testcase name="createAndScheduleRequestTestToInstallPackage" time="33.469" classname="com.apple.carnival.api.request.AutoRestartTests" />
                <testcase name="init" time="0.004" classname="com.apple.carnival.api.request.AutoRestartTests" />
                <testcase name="verifyAppInstanceRestart" time="305.722" classname="com.apple.carnival.api.request.AutoRestartTests" />
                <testcase name="validateConfLineOnWD40Host" time="36.741" classname="com.apple.carnival.api.request.AutoRestartTests" />
      
</testsuite>
