<?xml version="1.0" encoding="UTF-8"?>
<testsuite name="LOCAL-INSTALL-HOTFIX-TESTS"
           tests="17"
           failures="0"
           errors="0"
           skipped="0"
           time="10196.551">
  <properties />
  
  
            <testcase name="validateFileSystemOnWD40Host2ToCheckSerFileExists" time="2.347" classname="com.apple.carnival.ui.localinstall.LocalInstallBuildWhenPackageIsUnavailableTests" />
                <testcase name="validateFileSystemOnCarnivalHostToCheckCorruptFileDoesNotExists" time="2.315" classname="com.apple.carnival.ui.localinstall.LocalInstallBuildWhenPackageIsUnavailableTests" />
                <testcase name="validateTaskDetailsLogsAfterUinstall" time="2.221" classname="com.apple.carnival.ui.localinstall.LocalInstallBuildWhenPackageIsUnavailableTests" />
                <testcase name="uninstallPackageFromCarnivalHostWhileItsCurrent" time="37.540" classname="com.apple.carnival.ui.localinstall.LocalInstallBuildWhenPackageIsUnavailableTests" />
                <testcase name="validateTaskDetailsPage" time="37.246" classname="com.apple.carnival.ui.localinstall.LocalInstallBuildWhenPackageIsUnavailableTests" />
                <testcase name="validateFileSystemOnCarnivalHostToCheckSerFileExists" time="2.356" classname="com.apple.carnival.ui.localinstall.LocalInstallBuildWhenPackageIsUnavailableTests" />
                <testcase name="installPackageUsingValidPackageName" time="35.474" classname="com.apple.carnival.ui.localinstall.LocalInstallBuildWhenPackageIsUnavailableTests" />
                <testcase name="validateFileSystemOnWD40Host1ToCheckSerFileExists" time="2.693" classname="com.apple.carnival.ui.localinstall.LocalInstallBuildWhenPackageIsUnavailableTests" />
                <testcase name="validateTaskDetailsPageAfterUninstall" time="37.231" classname="com.apple.carnival.ui.localinstall.LocalInstallBuildWhenPackageIsUnavailableTests" />
                <testcase name="validateFileSystemOnWD40Host1ToCheckSerFileDoesNotExists" time="2.315" classname="com.apple.carnival.ui.localinstall.LocalInstallBuildWhenPackageIsUnavailableTests" />
                <testcase name="validateFileSystemOnCarnivalHostToCheckSerFileDoesNotExists" time="2.320" classname="com.apple.carnival.ui.localinstall.LocalInstallBuildWhenPackageIsUnavailableTests" />
                <testcase name="validateFileSystemOnWD40Host2ToCheckSerFileDoesNotExists" time="2.317" classname="com.apple.carnival.ui.localinstall.LocalInstallBuildWhenPackageIsUnavailableTests" />
                <testcase name="init" time="0.004" classname="com.apple.carnival.ui.localinstall.LocalInstallBuildWhenPackageIsUnavailableTests" />
                <testcase name="validateEnvironmentInfoPageToCheckPackageIsCurrent" time="10007.281" classname="com.apple.carnival.ui.localinstall.LocalInstallBuildWhenPackageIsUnavailableTests" />
                <testcase name="validateEnvironmentInfoPageToCheckPackageIsNotCurrent" time="18.314" classname="com.apple.carnival.ui.localinstall.LocalInstallBuildWhenPackageIsUnavailableTests" />
                <testcase name="validateTaskDetailsLogs" time="2.230" classname="com.apple.carnival.ui.localinstall.LocalInstallBuildWhenPackageIsUnavailableTests" />
                <testcase name="validateFileSystemOnWD40HostToCheckCorruptFileDoesNotExists" time="2.347" classname="com.apple.carnival.ui.localinstall.LocalInstallBuildWhenPackageIsUnavailableTests" />
      
</testsuite>
