<?xml version="1.0" encoding="UTF-8"?>
<testng-results skipped="17" failed="1" total="55" passed="37">
  <reporter-output>
    <line>
      <![CDATA[Initializing and Loading Configuration]]>
    </line>
    <line>
      <![CDATA[LocalInstallHotfixWhenPackageIsUnavailableTests tests with the following details :]]>
    </line>
    <line>
      <![CDATA[Carnival Host :vp21q01if-ztbu14114601]]>
    </line>
    <line>
      <![CDATA[Domain  :vp.if1.apple.com]]>
    </line>
    <line>
      <![CDATA[PROEJCT :CarnivalQA]]>
    </line>
    <line>
      <![CDATA[PACKAGE  :cottoncandyCONF14D.3a7b1]]>
    </line>
    <line>
      <![CDATA[Local Install Hotfix from carnival UI with valid package name]]>
    </line>
    <line>
      <![CDATA[Performing Assertions]]>
    </line>
    <line>
      <![CDATA[Expected notice is : Successfully scheduled task \d{13} for execution! and got error message from server as  : Successfully scheduled task 1428034475312 for execution!]]>
    </line>
    <line>
      <![CDATA[The request ID is :1428034475312]]>
    </line>
    <line>
      <![CDATA[Validate Task Details Page]]>
    </line>
    <line>
      <![CDATA[The task detail url is :http://vp21q01if-ztbu14114601.vp.if1.apple.com:8080/Carnival/TaskDetail.jsp?id=1428034475312]]>
    </line>
    <line>
      <![CDATA[The Current Status is : COMPLETED]]>
    </line>
    <line>
      <![CDATA[Validate View Logs Page after install]]>
    </line>
    <line>
      <![CDATA[Validate Taks Details Logs]]>
    </line>
    <line>
      <![CDATA[The Action Log is : Thu Apr 02 21:14:39 PDT 2015 Local Install(s) Info cottoncandyCONF14D.3a7b1 queued for execution.
Thu Apr 02 21:14:41 PDT 2015 User 17.153.41.45 requested install of cottoncandyCONF14D.3a7b1 for project CarnivalQA on Carnival host vp21q01if-ztbu14114601.
Thu Apr 02 21:14:42 PDT 2015 cottoncandyCONF14D.3a7b1 install confirmed on this Carnival host.
Thu Apr 02 21:14:44 PDT 2015 Sending install requests to configured hosts...
Thu Apr 02 21:14:44 PDT 2015 Determining hosts missing package: cottoncandyCONF14D.3a7b1.  Sending followup install requests to 2 active host(s).Expand/Collapse

Thu Apr 02 21:14:44 PDT 2015 Verifying install. Giving applications up to 5 min.
Thu Apr 02 21:14:45 PDT 2015 cottoncandyCONF14D.3a7b1 has been confirmed on the required 2 hosts below: 
Expand/Collapse


Thu Apr 02 21:14:45 PDT 2015 Install of cottoncandyCONF14D.3a7b1 for project CarnivalQA has succeeded on 100.0% ( 2 out of 2 ) of required hosts.  Acceptance Threshold entered by user: 100.0%.]]>
    </line>
    <line>
      <![CDATA[Validate Environment Info Page to check the package is Current]]>
    </line>
    <line>
      <![CDATA[Wait for 15 mins for the Environemnt Info page to refresh]]>
    </line>
    <line>
      <![CDATA[The packages are :clown ()
clownCONF (clownCONF14A162)
cottoncandyCONF (cottoncandyCONF14D.3a7b1)
cottoncandy_bin ()]]>
    </line>
    <line>
      <![CDATA[Validate the package :cottoncandyCONF14D.3a7b1 is current]]>
    </line>
    <line>
      <![CDATA[Check to see .ser file exists under /opt/ais/local/.wd40-inventory/Install ]]>
    </line>
    <line>
      <![CDATA[Connecting to remote host using Jcraft Libraries to validate package does exists on carnival host]]>
    </line>
    <line>
      <![CDATA[.ser file location is :/opt/ais/local/.wd40-inventory/Install/cottoncandyCONF14D.3a7b1.ser]]>
    </line>
    <line>
      <![CDATA[The out put is : 
/opt/ais/local/.wd40-inventory/Install/cottoncandyCONF14D.3a7b1.ser
]]>
    </line>
    <line>
      <![CDATA[Check to see .ser file exists under /opt/ais/local/.wd40-inventory/Install ]]>
    </line>
    <line>
      <![CDATA[Connecting to remote host using Jcraft Libraries to validate package does exists on carnival host]]>
    </line>
    <line>
      <![CDATA[.ser file location is :/opt/ais/local/.wd40-inventory/Install/cottoncandyCONF14D.3a7b1.ser]]>
    </line>
    <line>
      <![CDATA[The out put is : 
/opt/ais/local/.wd40-inventory/Install/cottoncandyCONF14D.3a7b1.ser
]]>
    </line>
    <line>
      <![CDATA[Check to see .ser file exists under /opt/ais/local/.wd40-inventory/Install ]]>
    </line>
    <line>
      <![CDATA[Connecting to remote host using Jcraft Libraries to validate package does exists on carnival host]]>
    </line>
    <line>
      <![CDATA[.ser file location is :/opt/ais/local/.wd40-inventory/Install/cottoncandyCONF14D.3a7b1.ser]]>
    </line>
    <line>
      <![CDATA[The out put is : 
/opt/ais/local/.wd40-inventory/Install/cottoncandyCONF14D.3a7b1.ser
]]>
    </line>
    <line>
      <![CDATA[Check to see .corrupt file does not exists under /opt/ais/local/.wd40-inventory/Install ]]>
    </line>
    <line>
      <![CDATA[Connecting to remote host using Jcraft Libraries to validate package does exists on carnival host]]>
    </line>
    <line>
      <![CDATA[.ser file location is :]]>
    </line>
    <line>
      <![CDATA[The out put is : 
]]>
    </line>
    <line>
      <![CDATA[Check to see .corrupt file does not exists under /opt/ais/local/.wd40-inventory/Install ]]>
    </line>
    <line>
      <![CDATA[Connecting to remote host using Jcraft Libraries to validate package does exists on carnival host]]>
    </line>
    <line>
      <![CDATA[.ser file location is :]]>
    </line>
    <line>
      <![CDATA[The out put is : 
]]>
    </line>
    <line>
      <![CDATA[Uninstalling the package from carnival UI]]>
    </line>
    <line>
      <![CDATA[Uninstall Successfull]]>
    </line>
    <line>
      <![CDATA[Performing Assertions]]>
    </line>
    <line>
      <![CDATA[Expected note is : Successfully scheduled task \d{13} for execution! and got  note from server as  : Successfully scheduled task 1428035520308 for execution!]]>
    </line>
    <line>
      <![CDATA[Validate Environment Info Page to check the package is not Current]]>
    </line>
    <line>
      <![CDATA[Wait for 15 seconds for the Environemnt Info page to refresh]]>
    </line>
    <line>
      <![CDATA[The packages are :clown ()
clownCONF (clownCONF14A162)]]>
    </line>
    <line>
      <![CDATA[Validate the package :cottoncandyCONF14D.3a7b1 is not current]]>
    </line>
    <line>
      <![CDATA[Validate Task Details Page]]>
    </line>
    <line>
      <![CDATA[The task detail url is :http://vp21q01if-ztbu14114601.vp.if1.apple.com:8080/Carnival/TaskDetail.jsp?id=1428035520308]]>
    </line>
    <line>
      <![CDATA[The Current Status is : COMPLETED]]>
    </line>
    <line>
      <![CDATA[Validate Taks Details Logs]]>
    </line>
    <line>
      <![CDATA[The Action Log is : Thu Apr 02 21:32:09 PDT 2015 Uninstall Package(s): cottoncandyCONF14D.3a7b1 queued for execution.
Thu Apr 02 21:32:12 PDT 2015 User 17.153.41.45 requested uninstall of cottoncandyCONF14D.3a7b1 for project CarnivalQA on Carnival host vp21q01if-ztbu14114601.
Thu Apr 02 21:32:13 PDT 2015 cottoncandyCONF14D.3a7b1 uninstall confirmed on this Carnival host.
Thu Apr 02 21:32:15 PDT 2015 Sending uninstall requests to configured hosts...
Thu Apr 02 21:32:15 PDT 2015 Determining hosts missing package: cottoncandyCONF14D.3a7b1.  Sending followup uninstall requests to 2 active host(s).Expand/Collapse

Thu Apr 02 21:32:15 PDT 2015 Verifying uninstall. Giving applications up to 5 min.
Thu Apr 02 21:32:16 PDT 2015 cottoncandyCONF14D.3a7b1 has been confirmed on the required 2 hosts below: 
Expand/Collapse


Thu Apr 02 21:32:16 PDT 2015 Uninstall of cottoncandyCONF14D.3a7b1 for project CarnivalQA has succeeded on 100.0% ( 2 out of 2 ) of required hosts.  Acceptance Threshold entered by user: 100.0%.]]>
    </line>
    <line>
      <![CDATA[Check to see .ser file does not exists under /opt/ais/local/.wd40-inventory/Install ]]>
    </line>
    <line>
      <![CDATA[Connecting to remote host using Jcraft Libraries to validate package does exists on carnival host]]>
    </line>
    <line>
      <![CDATA[.ser file location is :/opt/ais/local/.wd40-inventory/Install/]]>
    </line>
    <line>
      <![CDATA[The out put is : 
]]>
    </line>
    <line>
      <![CDATA[Check to see .ser file exists under /opt/ais/local/.wd40-inventory/Install ]]>
    </line>
    <line>
      <![CDATA[Connecting to remote host using Jcraft Libraries to validate package does exists on carnival host]]>
    </line>
    <line>
      <![CDATA[.ser file location is :]]>
    </line>
    <line>
      <![CDATA[The out put is : 
]]>
    </line>
    <line>
      <![CDATA[Check to see .ser file exists under /opt/ais/local/.wd40-inventory/Install ]]>
    </line>
    <line>
      <![CDATA[Connecting to remote host using Jcraft Libraries to validate package does exists on carnival host]]>
    </line>
    <line>
      <![CDATA[.ser file location is :]]>
    </line>
    <line>
      <![CDATA[The out put is : 
]]>
    </line>
    <line>
      <![CDATA[
Logging out and closing  browser session
]]>
    </line>
    <line>
      <![CDATA[Initializing and Loading Configuration]]>
    </line>
    <line>
      <![CDATA[LocalInstallHotfixUsingForceInstallOptionWhenPackageIsAvailableTests tests with the following details :]]>
    </line>
    <line>
      <![CDATA[Carnival Host :vp21q01if-ztbu14114601]]>
    </line>
    <line>
      <![CDATA[Domain  :vp.if1.apple.com]]>
    </line>
    <line>
      <![CDATA[PROEJCT :CarnivalQA]]>
    </line>
    <line>
      <![CDATA[PACKAGE  :cottoncandyCONF14D.3a7b1]]>
    </line>
    <line>
      <![CDATA[Local Install Hotfix from carnival UI with valid package name]]>
    </line>
    <line>
      <![CDATA[
Logging out and closing  browser session
]]>
    </line>
    <line>
      <![CDATA[Initializing and Loading Configuration]]>
    </line>
    <line>
      <![CDATA[LocalInstallHotfixUsingNoForceInstallOptionWhenPackageIsAvailableTests tests with the following details :]]>
    </line>
    <line>
      <![CDATA[Carnival Host :vp21q01if-ztbu14114601]]>
    </line>
    <line>
      <![CDATA[Domain  :vp.if1.apple.com]]>
    </line>
    <line>
      <![CDATA[PROEJCT :CarnivalQA]]>
    </line>
    <line>
      <![CDATA[PACKAGE  :cottoncandyCONF14D.3a7b1]]>
    </line>
    <line>
      <![CDATA[Local Install Hotfix from carnival UI with valid package name]]>
    </line>
    <line>
      <![CDATA[Performing Assertions]]>
    </line>
    <line>
      <![CDATA[Expected notice is : Successfully scheduled task \d{13} for execution! and got error message from server as  : Successfully scheduled task 1428035681932 for execution!]]>
    </line>
    <line>
      <![CDATA[The request ID is :1428035681932]]>
    </line>
    <line>
      <![CDATA[Validate Environment Info Page to check the package is Current]]>
    </line>
    <line>
      <![CDATA[Wait for 15 mins for the Environemnt Info page to refresh]]>
    </line>
    <line>
      <![CDATA[The packages are :clown ()
clownCONF (clownCONF14A162)
cottoncandyCONF (cottoncandyCONF14D.3a7b1)
cottoncandy_bin ()]]>
    </line>
    <line>
      <![CDATA[Validate the package :cottoncandyCONF14D.3a7b1 is current]]>
    </line>
    <line>
      <![CDATA[Local Install Hotfix from carnival UI with an already existing package name]]>
    </line>
    <line>
      <![CDATA[Performing Assertions]]>
    </line>
    <line>
      <![CDATA[Expected notice is : Successfully scheduled task \d{13} for execution! and got error message from server as  : Successfully scheduled task 1428036672851 for execution!]]>
    </line>
    <line>
      <![CDATA[The request ID is :1428036672851]]>
    </line>
    <line>
      <![CDATA[Validate Task Details Page after reinstall]]>
    </line>
    <line>
      <![CDATA[The task detail url is :http://vp21q01if-ztbu14114601.vp.if1.apple.com:8080/Carnival/TaskDetail.jsp?id=1428036672851]]>
    </line>
    <line>
      <![CDATA[The Current Status is : COMPLETED]]>
    </line>
    <line>
      <![CDATA[Validate View Logs Page after reinstall]]>
    </line>
    <line>
      <![CDATA[Validate Taks Details Logs]]>
    </line>
    <line>
      <![CDATA[The Action Log is : Thu Apr 02 21:51:19 PDT 2015 Local Install(s) Info cottoncandyCONF14D.3a7b1 queued for execution.
Thu Apr 02 21:51:22 PDT 2015 User 17.153.41.45 requested install of cottoncandyCONF14D.3a7b1 for project CarnivalQA on Carnival host vp21q01if-ztbu14114601.
Thu Apr 02 21:51:23 PDT 2015 cottoncandyCONF14D.3a7b1 install confirmed on this Carnival host.
Thu Apr 02 21:51:24 PDT 2015 Sending install requests to configured hosts...
Thu Apr 02 21:51:24 PDT 2015 Determining hosts missing package: cottoncandyCONF14D.3a7b1.  Sending followup install requests to 0 active host(s).Expand/Collapse
Thu Apr 02 21:51:25 PDT 2015 Install of cottoncandyCONF14D.3a7b1 for project CarnivalQA succeeded on all required hosts.]]>
    </line>
    <line>
      <![CDATA[Validate Environment Info Page to check the package is Current]]>
    </line>
    <line>
      <![CDATA[Wait for 15 mins for the Environemnt Info page to refresh]]>
    </line>
    <line>
      <![CDATA[The packages are :clown ()
clownCONF (clownCONF14A162)
cottoncandyCONF (cottoncandyCONF14D.3a7b1)
cottoncandy_bin ()]]>
    </line>
    <line>
      <![CDATA[Validate the package :cottoncandyCONF14D.3a7b1 is current]]>
    </line>
    <line>
      <![CDATA[Check to see .ser file exists under /opt/ais/local/.wd40-inventory/Install ]]>
    </line>
    <line>
      <![CDATA[Connecting to remote host using Jcraft Libraries to validate package does exists on carnival host]]>
    </line>
    <line>
      <![CDATA[.ser file location is :/opt/ais/local/.wd40-inventory/Install/cottoncandyCONF14D.3a7b1.ser]]>
    </line>
    <line>
      <![CDATA[The out put is : 
/opt/ais/local/.wd40-inventory/Install/cottoncandyCONF14D.3a7b1.ser
]]>
    </line>
    <line>
      <![CDATA[Check to see .ser file exists under /opt/ais/local/.wd40-inventory/Install ]]>
    </line>
    <line>
      <![CDATA[Connecting to remote host using Jcraft Libraries to validate package does exists on carnival host]]>
    </line>
    <line>
      <![CDATA[.ser file location is :/opt/ais/local/.wd40-inventory/Install/cottoncandyCONF14D.3a7b1.ser]]>
    </line>
    <line>
      <![CDATA[The out put is : 
/opt/ais/local/.wd40-inventory/Install/cottoncandyCONF14D.3a7b1.ser
]]>
    </line>
    <line>
      <![CDATA[Check to see .ser file exists under /opt/ais/local/.wd40-inventory/Install ]]>
    </line>
    <line>
      <![CDATA[Connecting to remote host using Jcraft Libraries to validate package does exists on carnival host]]>
    </line>
    <line>
      <![CDATA[.ser file location is :/opt/ais/local/.wd40-inventory/Install/cottoncandyCONF14D.3a7b1.ser]]>
    </line>
    <line>
      <![CDATA[The out put is : 
/opt/ais/local/.wd40-inventory/Install/cottoncandyCONF14D.3a7b1.ser
]]>
    </line>
    <line>
      <![CDATA[Check to see .corrupt file does not exists under /opt/ais/local/.wd40-inventory/Install ]]>
    </line>
    <line>
      <![CDATA[Connecting to remote host using Jcraft Libraries to validate package does exists on carnival host]]>
    </line>
    <line>
      <![CDATA[.ser file location is :]]>
    </line>
    <line>
      <![CDATA[The out put is : 
]]>
    </line>
    <line>
      <![CDATA[Check to see .corrupt file does not exists under /opt/ais/local/.wd40-inventory/Install ]]>
    </line>
    <line>
      <![CDATA[Connecting to remote host using Jcraft Libraries to validate package does exists on carnival host]]>
    </line>
    <line>
      <![CDATA[.ser file location is :]]>
    </line>
    <line>
      <![CDATA[The out put is : 
]]>
    </line>
    <line>
      <![CDATA[Uninstalling the package from carnival UI]]>
    </line>
    <line>
      <![CDATA[Uninstall Successfull]]>
    </line>
    <line>
      <![CDATA[Performing Assertions]]>
    </line>
    <line>
      <![CDATA[Expected note is : Successfully scheduled task \d{13} for execution! and got  note from server as  : Successfully scheduled task 1428037717470 for execution!]]>
    </line>
    <line>
      <![CDATA[Validate Environment Info Page to check the package is not Current]]>
    </line>
    <line>
      <![CDATA[Wait for 15 seconds for the Environemnt Info page to refresh]]>
    </line>
    <line>
      <![CDATA[The packages are :clown ()
clownCONF (clownCONF14A162)
cottoncandyCONF ()
cottoncandy_bin ()]]>
    </line>
    <line>
      <![CDATA[Validate the package :cottoncandyCONF14D.3a7b1 is not current]]>
    </line>
    <line>
      <![CDATA[Validate Task Details Page]]>
    </line>
    <line>
      <![CDATA[The task detail url is :http://vp21q01if-ztbu14114601.vp.if1.apple.com:8080/Carnival/TaskDetail.jsp?id=1428037717470]]>
    </line>
    <line>
      <![CDATA[The Current Status is : COMPLETED]]>
    </line>
    <line>
      <![CDATA[Validate Taks Details Logs]]>
    </line>
    <line>
      <![CDATA[The Action Log is : Thu Apr 02 22:08:39 PDT 2015 Uninstall Package(s): cottoncandyCONF14D.3a7b1 queued for execution.
Thu Apr 02 22:08:46 PDT 2015 User 17.153.41.45 requested uninstall of cottoncandyCONF14D.3a7b1 for project CarnivalQA on Carnival host vp21q01if-ztbu14114601.
Thu Apr 02 22:08:47 PDT 2015 cottoncandyCONF14D.3a7b1 uninstall confirmed on this Carnival host.
Thu Apr 02 22:08:48 PDT 2015 Sending uninstall requests to configured hosts...
Thu Apr 02 22:08:48 PDT 2015 Determining hosts missing package: cottoncandyCONF14D.3a7b1.  Sending followup uninstall requests to 2 active host(s).Expand/Collapse

Thu Apr 02 22:08:48 PDT 2015 Verifying uninstall. Giving applications up to 5 min.
Thu Apr 02 22:08:49 PDT 2015 cottoncandyCONF14D.3a7b1 has been confirmed on the required 2 hosts below: 
Expand/Collapse


Thu Apr 02 22:08:49 PDT 2015 Uninstall of cottoncandyCONF14D.3a7b1 for project CarnivalQA has succeeded on 100.0% ( 2 out of 2 ) of required hosts.  Acceptance Threshold entered by user: 100.0%.]]>
    </line>
    <line>
      <![CDATA[Check to see .ser file does not exists under /opt/ais/local/.wd40-inventory/Install ]]>
    </line>
    <line>
      <![CDATA[Connecting to remote host using Jcraft Libraries to validate package does exists on carnival host]]>
    </line>
    <line>
      <![CDATA[.ser file location is :/opt/ais/local/.wd40-inventory/Install/]]>
    </line>
    <line>
      <![CDATA[The out put is : 
]]>
    </line>
    <line>
      <![CDATA[Check to see .ser file exists under /opt/ais/local/.wd40-inventory/Install ]]>
    </line>
    <line>
      <![CDATA[Connecting to remote host using Jcraft Libraries to validate package does exists on carnival host]]>
    </line>
    <line>
      <![CDATA[.ser file location is :]]>
    </line>
    <line>
      <![CDATA[The out put is : 
]]>
    </line>
    <line>
      <![CDATA[Check to see .ser file exists under /opt/ais/local/.wd40-inventory/Install ]]>
    </line>
    <line>
      <![CDATA[Connecting to remote host using Jcraft Libraries to validate package does exists on carnival host]]>
    </line>
    <line>
      <![CDATA[.ser file location is :]]>
    </line>
    <line>
      <![CDATA[The out put is : 
]]>
    </line>
    <line>
      <![CDATA[
Logging out and closing  browser session
]]>
    </line>
  </reporter-output>
  <suite name="CarnivalTestSuite" duration-ms="3355089" started-at="2015-04-03T04:13:53Z" finished-at="2015-04-03T05:09:48Z">
    <groups>
    </groups>
    <test name="LOCAL-INSTALL-HOTFIX-TESTS" duration-ms="3355089" started-at="2015-04-03T04:13:53Z" finished-at="2015-04-03T05:09:48Z">
      <class name="com.apple.carnival.ui.localinstall.LocalInstallHotfixUsingForceInstallOptionWhenPackageIsAvailableTests">
        <test-method status="PASS" signature="setConfig()[pri:0, instance:com.apple.carnival.ui.localinstall.LocalInstallHotfixUsingForceInstallOptionWhenPackageIsAvailableTests@4792cf37]" name="setConfig" is-config="true" duration-ms="7217" started-at="2015-04-02T21:33:13Z" finished-at="2015-04-02T21:33:20Z">
          <reporter-output>
            <line>
              <![CDATA[Initializing and Loading Configuration]]>
            </line>
          </reporter-output>
        </test-method> <!-- setConfig -->
        <test-method status="PASS" signature="init(java.lang.String, java.lang.String, java.lang.String, java.lang.String, java.lang.String, java.lang.String)[pri:0, instance:com.apple.carnival.ui.localinstall.LocalInstallHotfixUsingForceInstallOptionWhenPackageIsAvailableTests@4792cf37]" name="init" duration-ms="1" started-at="2015-04-02T21:33:20Z" finished-at="2015-04-02T21:33:20Z">
          <params>
            <param index="0">
              <value>
                <![CDATA[vp21q01if-ztbu14114601]]>
              </value>
            </param>
            <param index="1">
              <value>
                <![CDATA[vp21q01if-ztbu14114701]]>
              </value>
            </param>
            <param index="2">
              <value>
                <![CDATA[vp21q01if-hpba15080901]]>
              </value>
            </param>
            <param index="3">
              <value>
                <![CDATA[vp.if1.apple.com]]>
              </value>
            </param>
            <param index="4">
              <value>
                <![CDATA[CarnivalQA]]>
              </value>
            </param>
            <param index="5">
              <value>
                <![CDATA[cottoncandyCONF14D.3a7b1]]>
              </value>
            </param>
          </params>
          <reporter-output>
            <line>
              <![CDATA[LocalInstallHotfixUsingForceInstallOptionWhenPackageIsAvailableTests tests with the following details :]]>
            </line>
            <line>
              <![CDATA[Carnival Host :vp21q01if-ztbu14114601]]>
            </line>
            <line>
              <![CDATA[Domain  :vp.if1.apple.com]]>
            </line>
            <line>
              <![CDATA[PROEJCT :CarnivalQA]]>
            </line>
            <line>
              <![CDATA[PACKAGE  :cottoncandyCONF14D.3a7b1]]>
            </line>
          </reporter-output>
        </test-method> <!-- init -->
        <test-method status="FAIL" signature="installPackageUsingValidPackageName()[pri:0, instance:com.apple.carnival.ui.localinstall.LocalInstallHotfixUsingForceInstallOptionWhenPackageIsAvailableTests@4792cf37]" name="installPackageUsingValidPackageName" duration-ms="41156" started-at="2015-04-02T21:33:20Z" depends-on-methods="com.apple.carnival.ui.localinstall.LocalInstallHotfixUsingForceInstallOptionWhenPackageIsAvailableTests.init" finished-at="2015-04-02T21:34:02Z">
          <exception class="org.openqa.selenium.TimeoutException">
            <message>
              <![CDATA[Timed out waiting for page load.
Command duration or timeout: 10.01 seconds
Build info: version: '2.43.1', revision: '5163bceef1bc36d43f3dc0b83c88998168a363a0', time: '2014-09-10 09:43:55'
System info: host: 'harisha', ip: '17.115.163.211', os.name: 'Mac OS X', os.arch: 'x86_64', os.version: '10.10.1', java.version: '1.7.0_67'
Session ID: 829ea54f-2d3e-af44-b75c-271cb7b63a59
Driver info: org.openqa.selenium.firefox.FirefoxDriver
Capabilities [{platform=MAC, databaseEnabled=true, cssSelectorsEnabled=true, javascriptEnabled=true, acceptSslCerts=true, handlesAlerts=true, browserName=firefox, webStorageEnabled=true, nativeEvents=false, rotatable=false, locationContextEnabled=true, applicationCacheEnabled=true, takesScreenshot=true, version=31.6.0}]]]>
            </message>
            <full-stacktrace>
              <![CDATA[org.openqa.selenium.TimeoutException: Timed out waiting for page load.
Command duration or timeout: 10.01 seconds
Build info: version: '2.43.1', revision: '5163bceef1bc36d43f3dc0b83c88998168a363a0', time: '2014-09-10 09:43:55'
System info: host: 'harisha', ip: '17.115.163.211', os.name: 'Mac OS X', os.arch: 'x86_64', os.version: '10.10.1', java.version: '1.7.0_67'
Session ID: 829ea54f-2d3e-af44-b75c-271cb7b63a59
Driver info: org.openqa.selenium.firefox.FirefoxDriver
Capabilities [{platform=MAC, databaseEnabled=true, cssSelectorsEnabled=true, javascriptEnabled=true, acceptSslCerts=true, handlesAlerts=true, browserName=firefox, webStorageEnabled=true, nativeEvents=false, rotatable=false, locationContextEnabled=true, applicationCacheEnabled=true, takesScreenshot=true, version=31.6.0}]
	at sun.reflect.NativeConstructorAccessorImpl.newInstance0(Native Method)
	at sun.reflect.NativeConstructorAccessorImpl.newInstance(NativeConstructorAccessorImpl.java:57)
	at sun.reflect.DelegatingConstructorAccessorImpl.newInstance(DelegatingConstructorAccessorImpl.java:45)
	at java.lang.reflect.Constructor.newInstance(Constructor.java:526)
	at org.openqa.selenium.remote.ErrorHandler.createThrowable(ErrorHandler.java:204)
	at org.openqa.selenium.remote.ErrorHandler.throwIfResponseFailed(ErrorHandler.java:156)
	at org.openqa.selenium.remote.RemoteWebDriver.execute(RemoteWebDriver.java:599)
	at org.openqa.selenium.remote.RemoteWebElement.execute(RemoteWebElement.java:268)
	at org.openqa.selenium.remote.RemoteWebElement.click(RemoteWebElement.java:79)
	at com.apple.carnival.ui.CreateRequestPage.peformLocalInstallHotfix(CreateRequestPage.java:209)
	at com.apple.carnival.ui.localinstall.LocalInstallHotfixUsingForceInstallOptionWhenPackageIsAvailableTests.installPackageUsingValidPackageName(LocalInstallHotfixUsingForceInstallOptionWhenPackageIsAvailableTests.java:101)
	at sun.reflect.NativeMethodAccessorImpl.invoke0(Native Method)
	at sun.reflect.NativeMethodAccessorImpl.invoke(NativeMethodAccessorImpl.java:57)
	at sun.reflect.DelegatingMethodAccessorImpl.invoke(DelegatingMethodAccessorImpl.java:43)
	at java.lang.reflect.Method.invoke(Method.java:606)
	at org.testng.internal.MethodInvocationHelper.invokeMethod(MethodInvocationHelper.java:84)
	at org.testng.internal.Invoker.invokeMethod(Invoker.java:714)
	at org.testng.internal.Invoker.invokeTestMethod(Invoker.java:901)
	at org.testng.internal.Invoker.invokeTestMethods(Invoker.java:1231)
	at org.testng.internal.TestMethodWorker.invokeTestMethods(TestMethodWorker.java:127)
	at org.testng.internal.TestMethodWorker.run(TestMethodWorker.java:111)
	at org.testng.TestRunner.privateRun(TestRunner.java:767)
	at org.testng.TestRunner.run(TestRunner.java:617)
	at org.testng.SuiteRunner.runTest(SuiteRunner.java:334)
	at org.testng.SuiteRunner.runSequentially(SuiteRunner.java:329)
	at org.testng.SuiteRunner.privateRun(SuiteRunner.java:291)
	at org.testng.SuiteRunner.run(SuiteRunner.java:240)
	at org.testng.SuiteRunnerWorker.runSuite(SuiteRunnerWorker.java:52)
	at org.testng.SuiteRunnerWorker.run(SuiteRunnerWorker.java:86)
	at org.testng.TestNG.runSuitesSequentially(TestNG.java:1224)
	at org.testng.TestNG.runSuitesLocally(TestNG.java:1149)
	at org.testng.TestNG.run(TestNG.java:1057)
	at org.testng.remote.RemoteTestNG.run(RemoteTestNG.java:111)
	at org.testng.remote.RemoteTestNG.initAndRun(RemoteTestNG.java:204)
	at org.testng.remote.RemoteTestNG.main(RemoteTestNG.java:175)
Caused by: org.openqa.selenium.TimeoutException: Timed out waiting for page load.
Build info: version: '2.43.1', revision: '5163bceef1bc36d43f3dc0b83c88998168a363a0', time: '2014-09-10 09:43:55'
System info: host: 'harisha', ip: '17.115.163.211', os.name: 'Mac OS X', os.arch: 'x86_64', os.version: '10.10.1', java.version: '1.7.0_67'
Driver info: driver.version: unknown
	at <anonymous class>.Utils.installClickListener/e<(file:///var/folders/lh/brv7ff4d2k180g0g43cb00h00000gn/T/anonymous7287515061881047922webdriver-profile/extensions/fxdriver@googlecode.com/components/command-processor.js:8228:5)
	at <anonymous class>.WebLoadingListener/e(file:///var/folders/lh/brv7ff4d2k180g0g43cb00h00000gn/T/anonymous7287515061881047922webdriver-profile/extensions/fxdriver@googlecode.com/components/command-processor.js:4120:7)
	at <anonymous class>.WebLoadingListener/<(file:///var/folders/lh/brv7ff4d2k180g0g43cb00h00000gn/T/anonymous7287515061881047922webdriver-profile/extensions/fxdriver@googlecode.com/components/command-processor.js:4128:7)
	at <anonymous class>.fxdriver.Timer.prototype.setTimeout/<.notify(file:///var/folders/lh/brv7ff4d2k180g0g43cb00h00000gn/T/anonymous7287515061881047922webdriver-profile/extensions/fxdriver@googlecode.com/components/command-processor.js:548:5)
]]>
            </full-stacktrace>
          </exception> <!-- org.openqa.selenium.TimeoutException -->
          <reporter-output>
            <line>
              <![CDATA[Local Install Hotfix from carnival UI with valid package name]]>
            </line>
          </reporter-output>
        </test-method> <!-- installPackageUsingValidPackageName -->
        <test-method status="SKIP" signature="validateEnvironmentInfoPageToCheckPackageIsCurrent()[pri:0, instance:com.apple.carnival.ui.localinstall.LocalInstallHotfixUsingForceInstallOptionWhenPackageIsAvailableTests@4792cf37]" name="validateEnvironmentInfoPageToCheckPackageIsCurrent" duration-ms="0" started-at="2015-04-02T21:34:02Z" depends-on-methods="com.apple.carnival.ui.localinstall.LocalInstallHotfixUsingForceInstallOptionWhenPackageIsAvailableTests.installPackageUsingValidPackageName" finished-at="2015-04-02T21:34:02Z">
          <reporter-output>
          </reporter-output>
        </test-method> <!-- validateEnvironmentInfoPageToCheckPackageIsCurrent -->
        <test-method status="SKIP" signature="reinstallExistingPackageUsingForceOption()[pri:0, instance:com.apple.carnival.ui.localinstall.LocalInstallHotfixUsingForceInstallOptionWhenPackageIsAvailableTests@4792cf37]" name="reinstallExistingPackageUsingForceOption" duration-ms="1" started-at="2015-04-02T21:34:02Z" depends-on-methods="com.apple.carnival.ui.localinstall.LocalInstallHotfixUsingForceInstallOptionWhenPackageIsAvailableTests.validateEnvironmentInfoPageToCheckPackageIsCurrent" finished-at="2015-04-02T21:34:02Z">
          <reporter-output>
          </reporter-output>
        </test-method> <!-- reinstallExistingPackageUsingForceOption -->
        <test-method status="SKIP" signature="validateTaskDetailsPageAfterReinstall()[pri:0, instance:com.apple.carnival.ui.localinstall.LocalInstallHotfixUsingForceInstallOptionWhenPackageIsAvailableTests@4792cf37]" name="validateTaskDetailsPageAfterReinstall" duration-ms="0" started-at="2015-04-02T21:34:02Z" depends-on-methods="com.apple.carnival.ui.localinstall.LocalInstallHotfixUsingForceInstallOptionWhenPackageIsAvailableTests.reinstallExistingPackageUsingForceOption" finished-at="2015-04-02T21:34:02Z">
          <reporter-output>
          </reporter-output>
        </test-method> <!-- validateTaskDetailsPageAfterReinstall -->
        <test-method status="SKIP" signature="validateTaskDetailsLogsAfterReinstall()[pri:0, instance:com.apple.carnival.ui.localinstall.LocalInstallHotfixUsingForceInstallOptionWhenPackageIsAvailableTests@4792cf37]" name="validateTaskDetailsLogsAfterReinstall" duration-ms="0" started-at="2015-04-02T21:34:02Z" depends-on-methods="com.apple.carnival.ui.localinstall.LocalInstallHotfixUsingForceInstallOptionWhenPackageIsAvailableTests.validateTaskDetailsPageAfterReinstall" finished-at="2015-04-02T21:34:02Z">
          <reporter-output>
          </reporter-output>
        </test-method> <!-- validateTaskDetailsLogsAfterReinstall -->
        <test-method status="SKIP" signature="validateEnvironmentInfoPageToCheckPackageIsCurrentAfterReinstall()[pri:0, instance:com.apple.carnival.ui.localinstall.LocalInstallHotfixUsingForceInstallOptionWhenPackageIsAvailableTests@4792cf37]" name="validateEnvironmentInfoPageToCheckPackageIsCurrentAfterReinstall" duration-ms="1" started-at="2015-04-02T21:34:02Z" depends-on-methods="com.apple.carnival.ui.localinstall.LocalInstallHotfixUsingForceInstallOptionWhenPackageIsAvailableTests.validateTaskDetailsLogsAfterReinstall" finished-at="2015-04-02T21:34:02Z">
          <reporter-output>
          </reporter-output>
        </test-method> <!-- validateEnvironmentInfoPageToCheckPackageIsCurrentAfterReinstall -->
        <test-method status="SKIP" signature="validateFileSystemOnWD40Host1ToCheckSerFileExists()[pri:0, instance:com.apple.carnival.ui.localinstall.LocalInstallHotfixUsingForceInstallOptionWhenPackageIsAvailableTests@4792cf37]" name="validateFileSystemOnWD40Host1ToCheckSerFileExists" duration-ms="0" started-at="2015-04-02T21:34:02Z" depends-on-methods="com.apple.carnival.ui.localinstall.LocalInstallHotfixUsingForceInstallOptionWhenPackageIsAvailableTests.validateEnvironmentInfoPageToCheckPackageIsCurrentAfterReinstall" finished-at="2015-04-02T21:34:02Z">
          <reporter-output>
          </reporter-output>
        </test-method> <!-- validateFileSystemOnWD40Host1ToCheckSerFileExists -->
        <test-method status="SKIP" signature="validateFileSystemOnWD40Host2ToCheckSerFileExists()[pri:0, instance:com.apple.carnival.ui.localinstall.LocalInstallHotfixUsingForceInstallOptionWhenPackageIsAvailableTests@4792cf37]" name="validateFileSystemOnWD40Host2ToCheckSerFileExists" duration-ms="0" started-at="2015-04-02T21:34:02Z" depends-on-methods="com.apple.carnival.ui.localinstall.LocalInstallHotfixUsingForceInstallOptionWhenPackageIsAvailableTests.validateFileSystemOnWD40Host1ToCheckSerFileExists" finished-at="2015-04-02T21:34:02Z">
          <reporter-output>
          </reporter-output>
        </test-method> <!-- validateFileSystemOnWD40Host2ToCheckSerFileExists -->
        <test-method status="SKIP" signature="validateFileSystemOnCarnivalHostToCheckSerFileExists()[pri:0, instance:com.apple.carnival.ui.localinstall.LocalInstallHotfixUsingForceInstallOptionWhenPackageIsAvailableTests@4792cf37]" name="validateFileSystemOnCarnivalHostToCheckSerFileExists" duration-ms="0" started-at="2015-04-02T21:34:02Z" depends-on-methods="com.apple.carnival.ui.localinstall.LocalInstallHotfixUsingForceInstallOptionWhenPackageIsAvailableTests.validateFileSystemOnWD40Host2ToCheckSerFileExists" finished-at="2015-04-02T21:34:02Z">
          <reporter-output>
          </reporter-output>
        </test-method> <!-- validateFileSystemOnCarnivalHostToCheckSerFileExists -->
        <test-method status="SKIP" signature="validateFileSystemOnCarnivalHostToCheckCorruptFileDoesNotExists()[pri:0, instance:com.apple.carnival.ui.localinstall.LocalInstallHotfixUsingForceInstallOptionWhenPackageIsAvailableTests@4792cf37]" name="validateFileSystemOnCarnivalHostToCheckCorruptFileDoesNotExists" duration-ms="0" started-at="2015-04-02T21:34:02Z" depends-on-methods="com.apple.carnival.ui.localinstall.LocalInstallHotfixUsingForceInstallOptionWhenPackageIsAvailableTests.validateFileSystemOnWD40HostToCheckCorruptFileDoesNotExists" finished-at="2015-04-02T21:34:02Z">
          <reporter-output>
          </reporter-output>
        </test-method> <!-- validateFileSystemOnCarnivalHostToCheckCorruptFileDoesNotExists -->
        <test-method status="SKIP" signature="validateFileSystemOnWD40HostToCheckCorruptFileDoesNotExists()[pri:0, instance:com.apple.carnival.ui.localinstall.LocalInstallHotfixUsingForceInstallOptionWhenPackageIsAvailableTests@4792cf37]" name="validateFileSystemOnWD40HostToCheckCorruptFileDoesNotExists" duration-ms="0" started-at="2015-04-02T21:34:02Z" depends-on-methods="com.apple.carnival.ui.localinstall.LocalInstallHotfixUsingForceInstallOptionWhenPackageIsAvailableTests.validateFileSystemOnCarnivalHostToCheckSerFileExists" finished-at="2015-04-02T21:34:02Z">
          <reporter-output>
          </reporter-output>
        </test-method> <!-- validateFileSystemOnWD40HostToCheckCorruptFileDoesNotExists -->
        <test-method status="SKIP" signature="uninstallPackageFromCarnivalHostWhileItsCurrent()[pri:0, instance:com.apple.carnival.ui.localinstall.LocalInstallHotfixUsingForceInstallOptionWhenPackageIsAvailableTests@4792cf37]" name="uninstallPackageFromCarnivalHostWhileItsCurrent" duration-ms="0" started-at="2015-04-02T21:34:02Z" depends-on-methods="com.apple.carnival.ui.localinstall.LocalInstallHotfixUsingForceInstallOptionWhenPackageIsAvailableTests.validateFileSystemOnCarnivalHostToCheckCorruptFileDoesNotExists" finished-at="2015-04-02T21:34:02Z">
          <reporter-output>
          </reporter-output>
        </test-method> <!-- uninstallPackageFromCarnivalHostWhileItsCurrent -->
        <test-method status="SKIP" signature="validateEnvironmentInfoPageToCheckPackageIsNotCurrent()[pri:0, instance:com.apple.carnival.ui.localinstall.LocalInstallHotfixUsingForceInstallOptionWhenPackageIsAvailableTests@4792cf37]" name="validateEnvironmentInfoPageToCheckPackageIsNotCurrent" duration-ms="1" started-at="2015-04-02T21:34:02Z" depends-on-methods="com.apple.carnival.ui.localinstall.LocalInstallHotfixUsingForceInstallOptionWhenPackageIsAvailableTests.uninstallPackageFromCarnivalHostWhileItsCurrent" finished-at="2015-04-02T21:34:02Z">
          <reporter-output>
          </reporter-output>
        </test-method> <!-- validateEnvironmentInfoPageToCheckPackageIsNotCurrent -->
        <test-method status="SKIP" signature="validateTaskDetailsPageAfterUninstall()[pri:0, instance:com.apple.carnival.ui.localinstall.LocalInstallHotfixUsingForceInstallOptionWhenPackageIsAvailableTests@4792cf37]" name="validateTaskDetailsPageAfterUninstall" duration-ms="0" started-at="2015-04-02T21:34:02Z" depends-on-methods="com.apple.carnival.ui.localinstall.LocalInstallHotfixUsingForceInstallOptionWhenPackageIsAvailableTests.validateEnvironmentInfoPageToCheckPackageIsNotCurrent" finished-at="2015-04-02T21:34:02Z">
          <reporter-output>
          </reporter-output>
        </test-method> <!-- validateTaskDetailsPageAfterUninstall -->
        <test-method status="SKIP" signature="validateFileSystemOnWD40Host1ToCheckSerFileDoesNotExists()[pri:0, instance:com.apple.carnival.ui.localinstall.LocalInstallHotfixUsingForceInstallOptionWhenPackageIsAvailableTests@4792cf37]" name="validateFileSystemOnWD40Host1ToCheckSerFileDoesNotExists" duration-ms="0" started-at="2015-04-02T21:34:02Z" depends-on-methods="com.apple.carnival.ui.localinstall.LocalInstallHotfixUsingForceInstallOptionWhenPackageIsAvailableTests.validateTaskDetailsLogsAfterUinstall" finished-at="2015-04-02T21:34:02Z">
          <reporter-output>
          </reporter-output>
        </test-method> <!-- validateFileSystemOnWD40Host1ToCheckSerFileDoesNotExists -->
        <test-method status="SKIP" signature="validateTaskDetailsLogsAfterUinstall()[pri:0, instance:com.apple.carnival.ui.localinstall.LocalInstallHotfixUsingForceInstallOptionWhenPackageIsAvailableTests@4792cf37]" name="validateTaskDetailsLogsAfterUinstall" duration-ms="0" started-at="2015-04-02T21:34:02Z" depends-on-methods="com.apple.carnival.ui.localinstall.LocalInstallHotfixUsingForceInstallOptionWhenPackageIsAvailableTests.validateTaskDetailsPageAfterUninstall" finished-at="2015-04-02T21:34:02Z">
          <reporter-output>
          </reporter-output>
        </test-method> <!-- validateTaskDetailsLogsAfterUinstall -->
        <test-method status="SKIP" signature="validateFileSystemOnWD40Host2ToCheckSerFileDoesNotExists()[pri:0, instance:com.apple.carnival.ui.localinstall.LocalInstallHotfixUsingForceInstallOptionWhenPackageIsAvailableTests@4792cf37]" name="validateFileSystemOnWD40Host2ToCheckSerFileDoesNotExists" duration-ms="0" started-at="2015-04-02T21:34:02Z" depends-on-methods="com.apple.carnival.ui.localinstall.LocalInstallHotfixUsingForceInstallOptionWhenPackageIsAvailableTests.validateFileSystemOnWD40Host1ToCheckSerFileDoesNotExists" finished-at="2015-04-02T21:34:02Z">
          <reporter-output>
          </reporter-output>
        </test-method> <!-- validateFileSystemOnWD40Host2ToCheckSerFileDoesNotExists -->
        <test-method status="PASS" signature="cleanUp()[pri:0, instance:com.apple.carnival.ui.localinstall.LocalInstallHotfixUsingForceInstallOptionWhenPackageIsAvailableTests@4792cf37]" name="cleanUp" is-config="true" duration-ms="2078" started-at="2015-04-02T21:34:02Z" finished-at="2015-04-02T21:34:04Z">
          <reporter-output>
            <line>
              <![CDATA[
Logging out and closing  browser session
]]>
            </line>
          </reporter-output>
        </test-method> <!-- cleanUp -->
        <test-method status="SKIP" signature="validateFileSystemOnCarnivalHostToCheckSerFileDoesNotExists()[pri:0, instance:com.apple.carnival.ui.localinstall.LocalInstallHotfixUsingForceInstallOptionWhenPackageIsAvailableTests@4792cf37]" name="validateFileSystemOnCarnivalHostToCheckSerFileDoesNotExists" duration-ms="0" started-at="2015-04-02T21:34:02Z" depends-on-methods="com.apple.carnival.ui.localinstall.LocalInstallHotfixUsingForceInstallOptionWhenPackageIsAvailableTests.validateFileSystemOnWD40Host2ToCheckSerFileDoesNotExists" finished-at="2015-04-02T21:34:02Z">
          <reporter-output>
          </reporter-output>
        </test-method> <!-- validateFileSystemOnCarnivalHostToCheckSerFileDoesNotExists -->
      </class> <!-- com.apple.carnival.ui.localinstall.LocalInstallHotfixUsingForceInstallOptionWhenPackageIsAvailableTests -->
      <class name="com.apple.carnival.ui.localinstall.LocalInstallHotfixWhenPackageIsUnavailableTests">
        <test-method status="PASS" signature="setConfig()[pri:0, instance:com.apple.carnival.ui.localinstall.LocalInstallHotfixWhenPackageIsUnavailableTests@6ed9b2f9]" name="setConfig" is-config="true" duration-ms="10389" started-at="2015-04-02T21:13:53Z" finished-at="2015-04-02T21:14:04Z">
          <reporter-output>
            <line>
              <![CDATA[Initializing and Loading Configuration]]>
            </line>
          </reporter-output>
        </test-method> <!-- setConfig -->
        <test-method status="PASS" signature="init(java.lang.String, java.lang.String, java.lang.String, java.lang.String, java.lang.String, java.lang.String)[pri:0, instance:com.apple.carnival.ui.localinstall.LocalInstallHotfixWhenPackageIsUnavailableTests@6ed9b2f9]" name="init" duration-ms="4" started-at="2015-04-02T21:14:04Z" finished-at="2015-04-02T21:14:04Z">
          <params>
            <param index="0">
              <value>
                <![CDATA[vp21q01if-ztbu14114601]]>
              </value>
            </param>
            <param index="1">
              <value>
                <![CDATA[vp21q01if-ztbu14114701]]>
              </value>
            </param>
            <param index="2">
              <value>
                <![CDATA[vp21q01if-hpba15080901]]>
              </value>
            </param>
            <param index="3">
              <value>
                <![CDATA[vp.if1.apple.com]]>
              </value>
            </param>
            <param index="4">
              <value>
                <![CDATA[CarnivalQA]]>
              </value>
            </param>
            <param index="5">
              <value>
                <![CDATA[cottoncandyCONF14D.3a7b1]]>
              </value>
            </param>
          </params>
          <reporter-output>
            <line>
              <![CDATA[LocalInstallHotfixWhenPackageIsUnavailableTests tests with the following details :]]>
            </line>
            <line>
              <![CDATA[Carnival Host :vp21q01if-ztbu14114601]]>
            </line>
            <line>
              <![CDATA[Domain  :vp.if1.apple.com]]>
            </line>
            <line>
              <![CDATA[PROEJCT :CarnivalQA]]>
            </line>
            <line>
              <![CDATA[PACKAGE  :cottoncandyCONF14D.3a7b1]]>
            </line>
          </reporter-output>
        </test-method> <!-- init -->
        <test-method status="PASS" signature="installPackageUsingValidPackageName()[pri:0, instance:com.apple.carnival.ui.localinstall.LocalInstallHotfixWhenPackageIsUnavailableTests@6ed9b2f9]" name="installPackageUsingValidPackageName" duration-ms="35601" started-at="2015-04-02T21:14:04Z" depends-on-methods="com.apple.carnival.ui.localinstall.LocalInstallHotfixWhenPackageIsUnavailableTests.init" finished-at="2015-04-02T21:14:39Z">
          <reporter-output>
            <line>
              <![CDATA[Local Install Hotfix from carnival UI with valid package name]]>
            </line>
            <line>
              <![CDATA[Performing Assertions]]>
            </line>
            <line>
              <![CDATA[Expected notice is : Successfully scheduled task \d{13} for execution! and got error message from server as  : Successfully scheduled task 1428034475312 for execution!]]>
            </line>
            <line>
              <![CDATA[The request ID is :1428034475312]]>
            </line>
          </reporter-output>
        </test-method> <!-- installPackageUsingValidPackageName -->
        <test-method status="PASS" signature="validateTaskDetailsPage()[pri:0, instance:com.apple.carnival.ui.localinstall.LocalInstallHotfixWhenPackageIsUnavailableTests@6ed9b2f9]" name="validateTaskDetailsPage" duration-ms="37252" started-at="2015-04-02T21:14:39Z" depends-on-methods="com.apple.carnival.ui.localinstall.LocalInstallHotfixWhenPackageIsUnavailableTests.installPackageUsingValidPackageName" finished-at="2015-04-02T21:15:16Z">
          <reporter-output>
            <line>
              <![CDATA[Validate Task Details Page]]>
            </line>
            <line>
              <![CDATA[The task detail url is :http://vp21q01if-ztbu14114601.vp.if1.apple.com:8080/Carnival/TaskDetail.jsp?id=1428034475312]]>
            </line>
            <line>
              <![CDATA[The Current Status is : COMPLETED]]>
            </line>
          </reporter-output>
        </test-method> <!-- validateTaskDetailsPage -->
        <test-method status="PASS" signature="validateTaskDetailsLogs()[pri:0, instance:com.apple.carnival.ui.localinstall.LocalInstallHotfixWhenPackageIsUnavailableTests@6ed9b2f9]" name="validateTaskDetailsLogs" duration-ms="2222" started-at="2015-04-02T21:15:16Z" depends-on-methods="com.apple.carnival.ui.localinstall.LocalInstallHotfixWhenPackageIsUnavailableTests.validateTaskDetailsPage" finished-at="2015-04-02T21:15:19Z">
          <reporter-output>
            <line>
              <![CDATA[Validate View Logs Page after install]]>
            </line>
            <line>
              <![CDATA[Validate Taks Details Logs]]>
            </line>
            <line>
              <![CDATA[The Action Log is : Thu Apr 02 21:14:39 PDT 2015 Local Install(s) Info cottoncandyCONF14D.3a7b1 queued for execution.
Thu Apr 02 21:14:41 PDT 2015 User 17.153.41.45 requested install of cottoncandyCONF14D.3a7b1 for project CarnivalQA on Carnival host vp21q01if-ztbu14114601.
Thu Apr 02 21:14:42 PDT 2015 cottoncandyCONF14D.3a7b1 install confirmed on this Carnival host.
Thu Apr 02 21:14:44 PDT 2015 Sending install requests to configured hosts...
Thu Apr 02 21:14:44 PDT 2015 Determining hosts missing package: cottoncandyCONF14D.3a7b1.  Sending followup install requests to 2 active host(s).Expand/Collapse

Thu Apr 02 21:14:44 PDT 2015 Verifying install. Giving applications up to 5 min.
Thu Apr 02 21:14:45 PDT 2015 cottoncandyCONF14D.3a7b1 has been confirmed on the required 2 hosts below: 
Expand/Collapse


Thu Apr 02 21:14:45 PDT 2015 Install of cottoncandyCONF14D.3a7b1 for project CarnivalQA has succeeded on 100.0% ( 2 out of 2 ) of required hosts.  Acceptance Threshold entered by user: 100.0%.]]>
            </line>
          </reporter-output>
        </test-method> <!-- validateTaskDetailsLogs -->
        <test-method status="PASS" signature="validateEnvironmentInfoPageToCheckPackageIsCurrent()[pri:0, instance:com.apple.carnival.ui.localinstall.LocalInstallHotfixWhenPackageIsUnavailableTests@6ed9b2f9]" name="validateEnvironmentInfoPageToCheckPackageIsCurrent" duration-ms="955343" started-at="2015-04-02T21:15:19Z" depends-on-methods="com.apple.carnival.ui.localinstall.LocalInstallHotfixWhenPackageIsUnavailableTests.validateTaskDetailsLogs" finished-at="2015-04-02T21:31:14Z">
          <reporter-output>
            <line>
              <![CDATA[Validate Environment Info Page to check the package is Current]]>
            </line>
            <line>
              <![CDATA[Wait for 15 mins for the Environemnt Info page to refresh]]>
            </line>
            <line>
              <![CDATA[The packages are :clown ()
clownCONF (clownCONF14A162)
cottoncandyCONF (cottoncandyCONF14D.3a7b1)
cottoncandy_bin ()]]>
            </line>
            <line>
              <![CDATA[Validate the package :cottoncandyCONF14D.3a7b1 is current]]>
            </line>
          </reporter-output>
        </test-method> <!-- validateEnvironmentInfoPageToCheckPackageIsCurrent -->
        <test-method status="PASS" signature="validateFileSystemOnWD40Host1ToCheckSerFileExists()[pri:0, instance:com.apple.carnival.ui.localinstall.LocalInstallHotfixWhenPackageIsUnavailableTests@6ed9b2f9]" name="validateFileSystemOnWD40Host1ToCheckSerFileExists" duration-ms="2758" started-at="2015-04-02T21:31:14Z" depends-on-methods="com.apple.carnival.ui.localinstall.LocalInstallHotfixWhenPackageIsUnavailableTests.validateEnvironmentInfoPageToCheckPackageIsCurrent" finished-at="2015-04-02T21:31:17Z">
          <reporter-output>
            <line>
              <![CDATA[Check to see .ser file exists under /opt/ais/local/.wd40-inventory/Install ]]>
            </line>
            <line>
              <![CDATA[Connecting to remote host using Jcraft Libraries to validate package does exists on carnival host]]>
            </line>
            <line>
              <![CDATA[.ser file location is :/opt/ais/local/.wd40-inventory/Install/cottoncandyCONF14D.3a7b1.ser]]>
            </line>
            <line>
              <![CDATA[The out put is : 
/opt/ais/local/.wd40-inventory/Install/cottoncandyCONF14D.3a7b1.ser
]]>
            </line>
          </reporter-output>
        </test-method> <!-- validateFileSystemOnWD40Host1ToCheckSerFileExists -->
        <test-method status="PASS" signature="validateFileSystemOnWD40Host2ToCheckSerFileExists()[pri:0, instance:com.apple.carnival.ui.localinstall.LocalInstallHotfixWhenPackageIsUnavailableTests@6ed9b2f9]" name="validateFileSystemOnWD40Host2ToCheckSerFileExists" duration-ms="2443" started-at="2015-04-02T21:31:17Z" depends-on-methods="com.apple.carnival.ui.localinstall.LocalInstallHotfixWhenPackageIsUnavailableTests.validateFileSystemOnWD40Host1ToCheckSerFileExists" finished-at="2015-04-02T21:31:19Z">
          <reporter-output>
            <line>
              <![CDATA[Check to see .ser file exists under /opt/ais/local/.wd40-inventory/Install ]]>
            </line>
            <line>
              <![CDATA[Connecting to remote host using Jcraft Libraries to validate package does exists on carnival host]]>
            </line>
            <line>
              <![CDATA[.ser file location is :/opt/ais/local/.wd40-inventory/Install/cottoncandyCONF14D.3a7b1.ser]]>
            </line>
            <line>
              <![CDATA[The out put is : 
/opt/ais/local/.wd40-inventory/Install/cottoncandyCONF14D.3a7b1.ser
]]>
            </line>
          </reporter-output>
        </test-method> <!-- validateFileSystemOnWD40Host2ToCheckSerFileExists -->
        <test-method status="PASS" signature="validateFileSystemOnCarnivalHostToCheckSerFileExists()[pri:0, instance:com.apple.carnival.ui.localinstall.LocalInstallHotfixWhenPackageIsUnavailableTests@6ed9b2f9]" name="validateFileSystemOnCarnivalHostToCheckSerFileExists" duration-ms="2380" started-at="2015-04-02T21:31:19Z" depends-on-methods="com.apple.carnival.ui.localinstall.LocalInstallHotfixWhenPackageIsUnavailableTests.validateFileSystemOnWD40Host2ToCheckSerFileExists" finished-at="2015-04-02T21:31:22Z">
          <reporter-output>
            <line>
              <![CDATA[Check to see .ser file exists under /opt/ais/local/.wd40-inventory/Install ]]>
            </line>
            <line>
              <![CDATA[Connecting to remote host using Jcraft Libraries to validate package does exists on carnival host]]>
            </line>
            <line>
              <![CDATA[.ser file location is :/opt/ais/local/.wd40-inventory/Install/cottoncandyCONF14D.3a7b1.ser]]>
            </line>
            <line>
              <![CDATA[The out put is : 
/opt/ais/local/.wd40-inventory/Install/cottoncandyCONF14D.3a7b1.ser
]]>
            </line>
          </reporter-output>
        </test-method> <!-- validateFileSystemOnCarnivalHostToCheckSerFileExists -->
        <test-method status="PASS" signature="validateFileSystemOnWD40HostToCheckCorruptFileDoesNotExists()[pri:0, instance:com.apple.carnival.ui.localinstall.LocalInstallHotfixWhenPackageIsUnavailableTests@6ed9b2f9]" name="validateFileSystemOnWD40HostToCheckCorruptFileDoesNotExists" duration-ms="2416" started-at="2015-04-02T21:31:22Z" depends-on-methods="com.apple.carnival.ui.localinstall.LocalInstallHotfixWhenPackageIsUnavailableTests.validateFileSystemOnCarnivalHostToCheckSerFileExists" finished-at="2015-04-02T21:31:24Z">
          <reporter-output>
            <line>
              <![CDATA[Check to see .corrupt file does not exists under /opt/ais/local/.wd40-inventory/Install ]]>
            </line>
            <line>
              <![CDATA[Connecting to remote host using Jcraft Libraries to validate package does exists on carnival host]]>
            </line>
            <line>
              <![CDATA[.ser file location is :]]>
            </line>
            <line>
              <![CDATA[The out put is : 
]]>
            </line>
          </reporter-output>
        </test-method> <!-- validateFileSystemOnWD40HostToCheckCorruptFileDoesNotExists -->
        <test-method status="PASS" signature="validateFileSystemOnCarnivalHostToCheckCorruptFileDoesNotExists()[pri:0, instance:com.apple.carnival.ui.localinstall.LocalInstallHotfixWhenPackageIsUnavailableTests@6ed9b2f9]" name="validateFileSystemOnCarnivalHostToCheckCorruptFileDoesNotExists" duration-ms="2345" started-at="2015-04-02T21:31:24Z" depends-on-methods="com.apple.carnival.ui.localinstall.LocalInstallHotfixWhenPackageIsUnavailableTests.validateFileSystemOnWD40HostToCheckCorruptFileDoesNotExists" finished-at="2015-04-02T21:31:26Z">
          <reporter-output>
            <line>
              <![CDATA[Check to see .corrupt file does not exists under /opt/ais/local/.wd40-inventory/Install ]]>
            </line>
            <line>
              <![CDATA[Connecting to remote host using Jcraft Libraries to validate package does exists on carnival host]]>
            </line>
            <line>
              <![CDATA[.ser file location is :]]>
            </line>
            <line>
              <![CDATA[The out put is : 
]]>
            </line>
          </reporter-output>
        </test-method> <!-- validateFileSystemOnCarnivalHostToCheckCorruptFileDoesNotExists -->
        <test-method status="PASS" signature="uninstallPackageFromCarnivalHostWhileItsCurrent()[pri:0, instance:com.apple.carnival.ui.localinstall.LocalInstallHotfixWhenPackageIsUnavailableTests@6ed9b2f9]" name="uninstallPackageFromCarnivalHostWhileItsCurrent" duration-ms="37838" started-at="2015-04-02T21:31:26Z" depends-on-methods="com.apple.carnival.ui.localinstall.LocalInstallHotfixWhenPackageIsUnavailableTests.validateFileSystemOnCarnivalHostToCheckCorruptFileDoesNotExists" finished-at="2015-04-02T21:32:04Z">
          <reporter-output>
            <line>
              <![CDATA[Uninstalling the package from carnival UI]]>
            </line>
            <line>
              <![CDATA[Uninstall Successfull]]>
            </line>
            <line>
              <![CDATA[Performing Assertions]]>
            </line>
            <line>
              <![CDATA[Expected note is : Successfully scheduled task \d{13} for execution! and got  note from server as  : Successfully scheduled task 1428035520308 for execution!]]>
            </line>
          </reporter-output>
        </test-method> <!-- uninstallPackageFromCarnivalHostWhileItsCurrent -->
        <test-method status="PASS" signature="validateEnvironmentInfoPageToCheckPackageIsNotCurrent()[pri:0, instance:com.apple.carnival.ui.localinstall.LocalInstallHotfixWhenPackageIsUnavailableTests@6ed9b2f9]" name="validateEnvironmentInfoPageToCheckPackageIsNotCurrent" duration-ms="18259" started-at="2015-04-02T21:32:04Z" depends-on-methods="com.apple.carnival.ui.localinstall.LocalInstallHotfixWhenPackageIsUnavailableTests.uninstallPackageFromCarnivalHostWhileItsCurrent" finished-at="2015-04-02T21:32:23Z">
          <reporter-output>
            <line>
              <![CDATA[Validate Environment Info Page to check the package is not Current]]>
            </line>
            <line>
              <![CDATA[Wait for 15 seconds for the Environemnt Info page to refresh]]>
            </line>
            <line>
              <![CDATA[The packages are :clown ()
clownCONF (clownCONF14A162)]]>
            </line>
            <line>
              <![CDATA[Validate the package :cottoncandyCONF14D.3a7b1 is not current]]>
            </line>
          </reporter-output>
        </test-method> <!-- validateEnvironmentInfoPageToCheckPackageIsNotCurrent -->
        <test-method status="PASS" signature="validateTaskDetailsPageAfterUninstall()[pri:0, instance:com.apple.carnival.ui.localinstall.LocalInstallHotfixWhenPackageIsUnavailableTests@6ed9b2f9]" name="validateTaskDetailsPageAfterUninstall" duration-ms="37697" started-at="2015-04-02T21:32:23Z" depends-on-methods="com.apple.carnival.ui.localinstall.LocalInstallHotfixWhenPackageIsUnavailableTests.validateEnvironmentInfoPageToCheckPackageIsNotCurrent" finished-at="2015-04-02T21:33:00Z">
          <reporter-output>
            <line>
              <![CDATA[Validate Task Details Page]]>
            </line>
            <line>
              <![CDATA[The task detail url is :http://vp21q01if-ztbu14114601.vp.if1.apple.com:8080/Carnival/TaskDetail.jsp?id=1428035520308]]>
            </line>
            <line>
              <![CDATA[The Current Status is : COMPLETED]]>
            </line>
          </reporter-output>
        </test-method> <!-- validateTaskDetailsPageAfterUninstall -->
        <test-method status="PASS" signature="validateTaskDetailsLogsAfterUinstall()[pri:0, instance:com.apple.carnival.ui.localinstall.LocalInstallHotfixWhenPackageIsUnavailableTests@6ed9b2f9]" name="validateTaskDetailsLogsAfterUinstall" duration-ms="2314" started-at="2015-04-02T21:33:00Z" depends-on-methods="com.apple.carnival.ui.localinstall.LocalInstallHotfixWhenPackageIsUnavailableTests.validateTaskDetailsPageAfterUninstall" finished-at="2015-04-02T21:33:03Z">
          <reporter-output>
            <line>
              <![CDATA[Validate Taks Details Logs]]>
            </line>
            <line>
              <![CDATA[The Action Log is : Thu Apr 02 21:32:09 PDT 2015 Uninstall Package(s): cottoncandyCONF14D.3a7b1 queued for execution.
Thu Apr 02 21:32:12 PDT 2015 User 17.153.41.45 requested uninstall of cottoncandyCONF14D.3a7b1 for project CarnivalQA on Carnival host vp21q01if-ztbu14114601.
Thu Apr 02 21:32:13 PDT 2015 cottoncandyCONF14D.3a7b1 uninstall confirmed on this Carnival host.
Thu Apr 02 21:32:15 PDT 2015 Sending uninstall requests to configured hosts...
Thu Apr 02 21:32:15 PDT 2015 Determining hosts missing package: cottoncandyCONF14D.3a7b1.  Sending followup uninstall requests to 2 active host(s).Expand/Collapse

Thu Apr 02 21:32:15 PDT 2015 Verifying uninstall. Giving applications up to 5 min.
Thu Apr 02 21:32:16 PDT 2015 cottoncandyCONF14D.3a7b1 has been confirmed on the required 2 hosts below: 
Expand/Collapse


Thu Apr 02 21:32:16 PDT 2015 Uninstall of cottoncandyCONF14D.3a7b1 for project CarnivalQA has succeeded on 100.0% ( 2 out of 2 ) of required hosts.  Acceptance Threshold entered by user: 100.0%.]]>
            </line>
          </reporter-output>
        </test-method> <!-- validateTaskDetailsLogsAfterUinstall -->
        <test-method status="PASS" signature="validateFileSystemOnWD40Host1ToCheckSerFileDoesNotExists()[pri:0, instance:com.apple.carnival.ui.localinstall.LocalInstallHotfixWhenPackageIsUnavailableTests@6ed9b2f9]" name="validateFileSystemOnWD40Host1ToCheckSerFileDoesNotExists" duration-ms="3185" started-at="2015-04-02T21:33:03Z" depends-on-methods="com.apple.carnival.ui.localinstall.LocalInstallHotfixWhenPackageIsUnavailableTests.validateTaskDetailsLogsAfterUinstall" finished-at="2015-04-02T21:33:06Z">
          <reporter-output>
            <line>
              <![CDATA[Check to see .ser file does not exists under /opt/ais/local/.wd40-inventory/Install ]]>
            </line>
            <line>
              <![CDATA[Connecting to remote host using Jcraft Libraries to validate package does exists on carnival host]]>
            </line>
            <line>
              <![CDATA[.ser file location is :/opt/ais/local/.wd40-inventory/Install/]]>
            </line>
            <line>
              <![CDATA[The out put is : 
]]>
            </line>
          </reporter-output>
        </test-method> <!-- validateFileSystemOnWD40Host1ToCheckSerFileDoesNotExists -->
        <test-method status="PASS" signature="validateFileSystemOnWD40Host2ToCheckSerFileDoesNotExists()[pri:0, instance:com.apple.carnival.ui.localinstall.LocalInstallHotfixWhenPackageIsUnavailableTests@6ed9b2f9]" name="validateFileSystemOnWD40Host2ToCheckSerFileDoesNotExists" duration-ms="2783" started-at="2015-04-02T21:33:06Z" depends-on-methods="com.apple.carnival.ui.localinstall.LocalInstallHotfixWhenPackageIsUnavailableTests.validateFileSystemOnWD40Host1ToCheckSerFileDoesNotExists" finished-at="2015-04-02T21:33:08Z">
          <reporter-output>
            <line>
              <![CDATA[Check to see .ser file exists under /opt/ais/local/.wd40-inventory/Install ]]>
            </line>
            <line>
              <![CDATA[Connecting to remote host using Jcraft Libraries to validate package does exists on carnival host]]>
            </line>
            <line>
              <![CDATA[.ser file location is :]]>
            </line>
            <line>
              <![CDATA[The out put is : 
]]>
            </line>
          </reporter-output>
        </test-method> <!-- validateFileSystemOnWD40Host2ToCheckSerFileDoesNotExists -->
        <test-method status="PASS" signature="validateFileSystemOnCarnivalHostToCheckSerFileDoesNotExists()[pri:0, instance:com.apple.carnival.ui.localinstall.LocalInstallHotfixWhenPackageIsUnavailableTests@6ed9b2f9]" name="validateFileSystemOnCarnivalHostToCheckSerFileDoesNotExists" duration-ms="2644" started-at="2015-04-02T21:33:08Z" depends-on-methods="com.apple.carnival.ui.localinstall.LocalInstallHotfixWhenPackageIsUnavailableTests.validateFileSystemOnWD40Host2ToCheckSerFileDoesNotExists" finished-at="2015-04-02T21:33:11Z">
          <reporter-output>
            <line>
              <![CDATA[Check to see .ser file exists under /opt/ais/local/.wd40-inventory/Install ]]>
            </line>
            <line>
              <![CDATA[Connecting to remote host using Jcraft Libraries to validate package does exists on carnival host]]>
            </line>
            <line>
              <![CDATA[.ser file location is :]]>
            </line>
            <line>
              <![CDATA[The out put is : 
]]>
            </line>
          </reporter-output>
        </test-method> <!-- validateFileSystemOnCarnivalHostToCheckSerFileDoesNotExists -->
        <test-method status="PASS" signature="cleanUp()[pri:0, instance:com.apple.carnival.ui.localinstall.LocalInstallHotfixWhenPackageIsUnavailableTests@6ed9b2f9]" name="cleanUp" is-config="true" duration-ms="2077" started-at="2015-04-02T21:33:11Z" finished-at="2015-04-02T21:33:13Z">
          <reporter-output>
            <line>
              <![CDATA[
Logging out and closing  browser session
]]>
            </line>
          </reporter-output>
        </test-method> <!-- cleanUp -->
      </class> <!-- com.apple.carnival.ui.localinstall.LocalInstallHotfixWhenPackageIsUnavailableTests -->
      <class name="com.apple.carnival.ui.localinstall.LocalInstallHotfixUsingNoForceInstallOptionWhenPackageIsAvailableTests">
        <test-method status="PASS" signature="setConfig()[pri:0, instance:com.apple.carnival.ui.localinstall.LocalInstallHotfixUsingNoForceInstallOptionWhenPackageIsAvailableTests@77624896]" name="setConfig" is-config="true" duration-ms="3645" started-at="2015-04-02T21:34:04Z" finished-at="2015-04-02T21:34:08Z">
          <reporter-output>
            <line>
              <![CDATA[Initializing and Loading Configuration]]>
            </line>
          </reporter-output>
        </test-method> <!-- setConfig -->
        <test-method status="PASS" signature="init(java.lang.String, java.lang.String, java.lang.String, java.lang.String, java.lang.String, java.lang.String)[pri:0, instance:com.apple.carnival.ui.localinstall.LocalInstallHotfixUsingNoForceInstallOptionWhenPackageIsAvailableTests@77624896]" name="init" duration-ms="0" started-at="2015-04-02T21:34:08Z" finished-at="2015-04-02T21:34:08Z">
          <params>
            <param index="0">
              <value>
                <![CDATA[vp21q01if-ztbu14114601]]>
              </value>
            </param>
            <param index="1">
              <value>
                <![CDATA[vp21q01if-ztbu14114701]]>
              </value>
            </param>
            <param index="2">
              <value>
                <![CDATA[vp21q01if-hpba15080901]]>
              </value>
            </param>
            <param index="3">
              <value>
                <![CDATA[vp.if1.apple.com]]>
              </value>
            </param>
            <param index="4">
              <value>
                <![CDATA[CarnivalQA]]>
              </value>
            </param>
            <param index="5">
              <value>
                <![CDATA[cottoncandyCONF14D.3a7b1]]>
              </value>
            </param>
          </params>
          <reporter-output>
            <line>
              <![CDATA[LocalInstallHotfixUsingNoForceInstallOptionWhenPackageIsAvailableTests tests with the following details :]]>
            </line>
            <line>
              <![CDATA[Carnival Host :vp21q01if-ztbu14114601]]>
            </line>
            <line>
              <![CDATA[Domain  :vp.if1.apple.com]]>
            </line>
            <line>
              <![CDATA[PROEJCT :CarnivalQA]]>
            </line>
            <line>
              <![CDATA[PACKAGE  :cottoncandyCONF14D.3a7b1]]>
            </line>
          </reporter-output>
        </test-method> <!-- init -->
        <test-method status="PASS" signature="installPackageUsingValidPackageName()[pri:0, instance:com.apple.carnival.ui.localinstall.LocalInstallHotfixUsingNoForceInstallOptionWhenPackageIsAvailableTests@77624896]" name="installPackageUsingValidPackageName" duration-ms="38326" started-at="2015-04-02T21:34:08Z" depends-on-methods="com.apple.carnival.ui.localinstall.LocalInstallHotfixUsingNoForceInstallOptionWhenPackageIsAvailableTests.init" finished-at="2015-04-02T21:34:46Z">
          <reporter-output>
            <line>
              <![CDATA[Local Install Hotfix from carnival UI with valid package name]]>
            </line>
            <line>
              <![CDATA[Performing Assertions]]>
            </line>
            <line>
              <![CDATA[Expected notice is : Successfully scheduled task \d{13} for execution! and got error message from server as  : Successfully scheduled task 1428035681932 for execution!]]>
            </line>
            <line>
              <![CDATA[The request ID is :1428035681932]]>
            </line>
          </reporter-output>
        </test-method> <!-- installPackageUsingValidPackageName -->
        <test-method status="PASS" signature="validateEnvironmentInfoPageToCheckPackageIsCurrent()[pri:0, instance:com.apple.carnival.ui.localinstall.LocalInstallHotfixUsingNoForceInstallOptionWhenPackageIsAvailableTests@77624896]" name="validateEnvironmentInfoPageToCheckPackageIsCurrent" duration-ms="955334" started-at="2015-04-02T21:34:46Z" depends-on-methods="com.apple.carnival.ui.localinstall.LocalInstallHotfixUsingNoForceInstallOptionWhenPackageIsAvailableTests.installPackageUsingValidPackageName" finished-at="2015-04-02T21:50:41Z">
          <reporter-output>
            <line>
              <![CDATA[Validate Environment Info Page to check the package is Current]]>
            </line>
            <line>
              <![CDATA[Wait for 15 mins for the Environemnt Info page to refresh]]>
            </line>
            <line>
              <![CDATA[The packages are :clown ()
clownCONF (clownCONF14A162)
cottoncandyCONF (cottoncandyCONF14D.3a7b1)
cottoncandy_bin ()]]>
            </line>
            <line>
              <![CDATA[Validate the package :cottoncandyCONF14D.3a7b1 is current]]>
            </line>
          </reporter-output>
        </test-method> <!-- validateEnvironmentInfoPageToCheckPackageIsCurrent -->
        <test-method status="PASS" signature="reinstallExistingPackageUsingNoForceOption()[pri:0, instance:com.apple.carnival.ui.localinstall.LocalInstallHotfixUsingNoForceInstallOptionWhenPackageIsAvailableTests@77624896]" name="reinstallExistingPackageUsingNoForceOption" duration-ms="35682" started-at="2015-04-02T21:50:41Z" depends-on-methods="com.apple.carnival.ui.localinstall.LocalInstallHotfixUsingNoForceInstallOptionWhenPackageIsAvailableTests.validateEnvironmentInfoPageToCheckPackageIsCurrent" finished-at="2015-04-02T21:51:17Z">
          <reporter-output>
            <line>
              <![CDATA[Local Install Hotfix from carnival UI with an already existing package name]]>
            </line>
            <line>
              <![CDATA[Performing Assertions]]>
            </line>
            <line>
              <![CDATA[Expected notice is : Successfully scheduled task \d{13} for execution! and got error message from server as  : Successfully scheduled task 1428036672851 for execution!]]>
            </line>
            <line>
              <![CDATA[The request ID is :1428036672851]]>
            </line>
          </reporter-output>
        </test-method> <!-- reinstallExistingPackageUsingNoForceOption -->
        <test-method status="PASS" signature="validateTaskDetailsPageAfterReinstall()[pri:0, instance:com.apple.carnival.ui.localinstall.LocalInstallHotfixUsingNoForceInstallOptionWhenPackageIsAvailableTests@77624896]" name="validateTaskDetailsPageAfterReinstall" duration-ms="37249" started-at="2015-04-02T21:51:17Z" depends-on-methods="com.apple.carnival.ui.localinstall.LocalInstallHotfixUsingNoForceInstallOptionWhenPackageIsAvailableTests.reinstallExistingPackageUsingNoForceOption" finished-at="2015-04-02T21:51:54Z">
          <reporter-output>
            <line>
              <![CDATA[Validate Task Details Page after reinstall]]>
            </line>
            <line>
              <![CDATA[The task detail url is :http://vp21q01if-ztbu14114601.vp.if1.apple.com:8080/Carnival/TaskDetail.jsp?id=1428036672851]]>
            </line>
            <line>
              <![CDATA[The Current Status is : COMPLETED]]>
            </line>
          </reporter-output>
        </test-method> <!-- validateTaskDetailsPageAfterReinstall -->
        <test-method status="PASS" signature="validateTaskDetailsLogsAfterReinstall()[pri:0, instance:com.apple.carnival.ui.localinstall.LocalInstallHotfixUsingNoForceInstallOptionWhenPackageIsAvailableTests@77624896]" name="validateTaskDetailsLogsAfterReinstall" duration-ms="2229" started-at="2015-04-02T21:51:54Z" depends-on-methods="com.apple.carnival.ui.localinstall.LocalInstallHotfixUsingNoForceInstallOptionWhenPackageIsAvailableTests.validateTaskDetailsPageAfterReinstall" finished-at="2015-04-02T21:51:56Z">
          <reporter-output>
            <line>
              <![CDATA[Validate View Logs Page after reinstall]]>
            </line>
            <line>
              <![CDATA[Validate Taks Details Logs]]>
            </line>
            <line>
              <![CDATA[The Action Log is : Thu Apr 02 21:51:19 PDT 2015 Local Install(s) Info cottoncandyCONF14D.3a7b1 queued for execution.
Thu Apr 02 21:51:22 PDT 2015 User 17.153.41.45 requested install of cottoncandyCONF14D.3a7b1 for project CarnivalQA on Carnival host vp21q01if-ztbu14114601.
Thu Apr 02 21:51:23 PDT 2015 cottoncandyCONF14D.3a7b1 install confirmed on this Carnival host.
Thu Apr 02 21:51:24 PDT 2015 Sending install requests to configured hosts...
Thu Apr 02 21:51:24 PDT 2015 Determining hosts missing package: cottoncandyCONF14D.3a7b1.  Sending followup install requests to 0 active host(s).Expand/Collapse
Thu Apr 02 21:51:25 PDT 2015 Install of cottoncandyCONF14D.3a7b1 for project CarnivalQA succeeded on all required hosts.]]>
            </line>
          </reporter-output>
        </test-method> <!-- validateTaskDetailsLogsAfterReinstall -->
        <test-method status="PASS" signature="validateEnvironmentInfoPageToCheckPackageIsCurrentAfterReinstall()[pri:0, instance:com.apple.carnival.ui.localinstall.LocalInstallHotfixUsingNoForceInstallOptionWhenPackageIsAvailableTests@77624896]" name="validateEnvironmentInfoPageToCheckPackageIsCurrentAfterReinstall" duration-ms="955316" started-at="2015-04-02T21:51:56Z" depends-on-methods="com.apple.carnival.ui.localinstall.LocalInstallHotfixUsingNoForceInstallOptionWhenPackageIsAvailableTests.validateTaskDetailsLogsAfterReinstall" finished-at="2015-04-02T22:07:52Z">
          <reporter-output>
            <line>
              <![CDATA[Validate Environment Info Page to check the package is Current]]>
            </line>
            <line>
              <![CDATA[Wait for 15 mins for the Environemnt Info page to refresh]]>
            </line>
            <line>
              <![CDATA[The packages are :clown ()
clownCONF (clownCONF14A162)
cottoncandyCONF (cottoncandyCONF14D.3a7b1)
cottoncandy_bin ()]]>
            </line>
            <line>
              <![CDATA[Validate the package :cottoncandyCONF14D.3a7b1 is current]]>
            </line>
          </reporter-output>
        </test-method> <!-- validateEnvironmentInfoPageToCheckPackageIsCurrentAfterReinstall -->
        <test-method status="PASS" signature="validateFileSystemOnWD40Host1ToCheckSerFileExists()[pri:0, instance:com.apple.carnival.ui.localinstall.LocalInstallHotfixUsingNoForceInstallOptionWhenPackageIsAvailableTests@77624896]" name="validateFileSystemOnWD40Host1ToCheckSerFileExists" duration-ms="2387" started-at="2015-04-02T22:07:52Z" depends-on-methods="com.apple.carnival.ui.localinstall.LocalInstallHotfixUsingNoForceInstallOptionWhenPackageIsAvailableTests.validateEnvironmentInfoPageToCheckPackageIsCurrentAfterReinstall" finished-at="2015-04-02T22:07:54Z">
          <reporter-output>
            <line>
              <![CDATA[Check to see .ser file exists under /opt/ais/local/.wd40-inventory/Install ]]>
            </line>
            <line>
              <![CDATA[Connecting to remote host using Jcraft Libraries to validate package does exists on carnival host]]>
            </line>
            <line>
              <![CDATA[.ser file location is :/opt/ais/local/.wd40-inventory/Install/cottoncandyCONF14D.3a7b1.ser]]>
            </line>
            <line>
              <![CDATA[The out put is : 
/opt/ais/local/.wd40-inventory/Install/cottoncandyCONF14D.3a7b1.ser
]]>
            </line>
          </reporter-output>
        </test-method> <!-- validateFileSystemOnWD40Host1ToCheckSerFileExists -->
        <test-method status="PASS" signature="validateFileSystemOnWD40Host2ToCheckSerFileExists()[pri:0, instance:com.apple.carnival.ui.localinstall.LocalInstallHotfixUsingNoForceInstallOptionWhenPackageIsAvailableTests@77624896]" name="validateFileSystemOnWD40Host2ToCheckSerFileExists" duration-ms="2418" started-at="2015-04-02T22:07:54Z" depends-on-methods="com.apple.carnival.ui.localinstall.LocalInstallHotfixUsingNoForceInstallOptionWhenPackageIsAvailableTests.validateFileSystemOnWD40Host1ToCheckSerFileExists" finished-at="2015-04-02T22:07:57Z">
          <reporter-output>
            <line>
              <![CDATA[Check to see .ser file exists under /opt/ais/local/.wd40-inventory/Install ]]>
            </line>
            <line>
              <![CDATA[Connecting to remote host using Jcraft Libraries to validate package does exists on carnival host]]>
            </line>
            <line>
              <![CDATA[.ser file location is :/opt/ais/local/.wd40-inventory/Install/cottoncandyCONF14D.3a7b1.ser]]>
            </line>
            <line>
              <![CDATA[The out put is : 
/opt/ais/local/.wd40-inventory/Install/cottoncandyCONF14D.3a7b1.ser
]]>
            </line>
          </reporter-output>
        </test-method> <!-- validateFileSystemOnWD40Host2ToCheckSerFileExists -->
        <test-method status="PASS" signature="validateFileSystemOnCarnivalHostToCheckSerFileExists()[pri:0, instance:com.apple.carnival.ui.localinstall.LocalInstallHotfixUsingNoForceInstallOptionWhenPackageIsAvailableTests@77624896]" name="validateFileSystemOnCarnivalHostToCheckSerFileExists" duration-ms="2409" started-at="2015-04-02T22:07:57Z" depends-on-methods="com.apple.carnival.ui.localinstall.LocalInstallHotfixUsingNoForceInstallOptionWhenPackageIsAvailableTests.validateFileSystemOnWD40Host2ToCheckSerFileExists" finished-at="2015-04-02T22:07:59Z">
          <reporter-output>
            <line>
              <![CDATA[Check to see .ser file exists under /opt/ais/local/.wd40-inventory/Install ]]>
            </line>
            <line>
              <![CDATA[Connecting to remote host using Jcraft Libraries to validate package does exists on carnival host]]>
            </line>
            <line>
              <![CDATA[.ser file location is :/opt/ais/local/.wd40-inventory/Install/cottoncandyCONF14D.3a7b1.ser]]>
            </line>
            <line>
              <![CDATA[The out put is : 
/opt/ais/local/.wd40-inventory/Install/cottoncandyCONF14D.3a7b1.ser
]]>
            </line>
          </reporter-output>
        </test-method> <!-- validateFileSystemOnCarnivalHostToCheckSerFileExists -->
        <test-method status="PASS" signature="validateFileSystemOnWD40HostToCheckCorruptFileDoesNotExists()[pri:0, instance:com.apple.carnival.ui.localinstall.LocalInstallHotfixUsingNoForceInstallOptionWhenPackageIsAvailableTests@77624896]" name="validateFileSystemOnWD40HostToCheckCorruptFileDoesNotExists" duration-ms="2398" started-at="2015-04-02T22:07:59Z" depends-on-methods="com.apple.carnival.ui.localinstall.LocalInstallHotfixUsingNoForceInstallOptionWhenPackageIsAvailableTests.validateFileSystemOnCarnivalHostToCheckSerFileExists" finished-at="2015-04-02T22:08:01Z">
          <reporter-output>
            <line>
              <![CDATA[Check to see .corrupt file does not exists under /opt/ais/local/.wd40-inventory/Install ]]>
            </line>
            <line>
              <![CDATA[Connecting to remote host using Jcraft Libraries to validate package does exists on carnival host]]>
            </line>
            <line>
              <![CDATA[.ser file location is :]]>
            </line>
            <line>
              <![CDATA[The out put is : 
]]>
            </line>
          </reporter-output>
        </test-method> <!-- validateFileSystemOnWD40HostToCheckCorruptFileDoesNotExists -->
        <test-method status="PASS" signature="validateFileSystemOnCarnivalHostToCheckCorruptFileDoesNotExists()[pri:0, instance:com.apple.carnival.ui.localinstall.LocalInstallHotfixUsingNoForceInstallOptionWhenPackageIsAvailableTests@77624896]" name="validateFileSystemOnCarnivalHostToCheckCorruptFileDoesNotExists" duration-ms="2389" started-at="2015-04-02T22:08:01Z" depends-on-methods="com.apple.carnival.ui.localinstall.LocalInstallHotfixUsingNoForceInstallOptionWhenPackageIsAvailableTests.validateFileSystemOnWD40HostToCheckCorruptFileDoesNotExists" finished-at="2015-04-02T22:08:04Z">
          <reporter-output>
            <line>
              <![CDATA[Check to see .corrupt file does not exists under /opt/ais/local/.wd40-inventory/Install ]]>
            </line>
            <line>
              <![CDATA[Connecting to remote host using Jcraft Libraries to validate package does exists on carnival host]]>
            </line>
            <line>
              <![CDATA[.ser file location is :]]>
            </line>
            <line>
              <![CDATA[The out put is : 
]]>
            </line>
          </reporter-output>
        </test-method> <!-- validateFileSystemOnCarnivalHostToCheckCorruptFileDoesNotExists -->
        <test-method status="PASS" signature="uninstallPackageFromCarnivalHostWhileItsCurrent()[pri:0, instance:com.apple.carnival.ui.localinstall.LocalInstallHotfixUsingNoForceInstallOptionWhenPackageIsAvailableTests@77624896]" name="uninstallPackageFromCarnivalHostWhileItsCurrent" duration-ms="37685" started-at="2015-04-02T22:08:04Z" depends-on-methods="com.apple.carnival.ui.localinstall.LocalInstallHotfixUsingNoForceInstallOptionWhenPackageIsAvailableTests.validateFileSystemOnCarnivalHostToCheckCorruptFileDoesNotExists" finished-at="2015-04-02T22:08:41Z">
          <reporter-output>
            <line>
              <![CDATA[Uninstalling the package from carnival UI]]>
            </line>
            <line>
              <![CDATA[Uninstall Successfull]]>
            </line>
            <line>
              <![CDATA[Performing Assertions]]>
            </line>
            <line>
              <![CDATA[Expected note is : Successfully scheduled task \d{13} for execution! and got  note from server as  : Successfully scheduled task 1428037717470 for execution!]]>
            </line>
          </reporter-output>
        </test-method> <!-- uninstallPackageFromCarnivalHostWhileItsCurrent -->
        <test-method status="PASS" signature="validateEnvironmentInfoPageToCheckPackageIsNotCurrent()[pri:0, instance:com.apple.carnival.ui.localinstall.LocalInstallHotfixUsingNoForceInstallOptionWhenPackageIsAvailableTests@77624896]" name="validateEnvironmentInfoPageToCheckPackageIsNotCurrent" duration-ms="18328" started-at="2015-04-02T22:08:41Z" depends-on-methods="com.apple.carnival.ui.localinstall.LocalInstallHotfixUsingNoForceInstallOptionWhenPackageIsAvailableTests.uninstallPackageFromCarnivalHostWhileItsCurrent" finished-at="2015-04-02T22:09:00Z">
          <reporter-output>
            <line>
              <![CDATA[Validate Environment Info Page to check the package is not Current]]>
            </line>
            <line>
              <![CDATA[Wait for 15 seconds for the Environemnt Info page to refresh]]>
            </line>
            <line>
              <![CDATA[The packages are :clown ()
clownCONF (clownCONF14A162)
cottoncandyCONF ()
cottoncandy_bin ()]]>
            </line>
            <line>
              <![CDATA[Validate the package :cottoncandyCONF14D.3a7b1 is not current]]>
            </line>
          </reporter-output>
        </test-method> <!-- validateEnvironmentInfoPageToCheckPackageIsNotCurrent -->
        <test-method status="PASS" signature="validateTaskDetailsPageAfterUninstall()[pri:0, instance:com.apple.carnival.ui.localinstall.LocalInstallHotfixUsingNoForceInstallOptionWhenPackageIsAvailableTests@77624896]" name="validateTaskDetailsPageAfterUninstall" duration-ms="37225" started-at="2015-04-02T22:09:00Z" depends-on-methods="com.apple.carnival.ui.localinstall.LocalInstallHotfixUsingNoForceInstallOptionWhenPackageIsAvailableTests.validateEnvironmentInfoPageToCheckPackageIsNotCurrent" finished-at="2015-04-02T22:09:37Z">
          <reporter-output>
            <line>
              <![CDATA[Validate Task Details Page]]>
            </line>
            <line>
              <![CDATA[The task detail url is :http://vp21q01if-ztbu14114601.vp.if1.apple.com:8080/Carnival/TaskDetail.jsp?id=1428037717470]]>
            </line>
            <line>
              <![CDATA[The Current Status is : COMPLETED]]>
            </line>
          </reporter-output>
        </test-method> <!-- validateTaskDetailsPageAfterUninstall -->
        <test-method status="PASS" signature="validateTaskDetailsLogsAfterUinstall()[pri:0, instance:com.apple.carnival.ui.localinstall.LocalInstallHotfixUsingNoForceInstallOptionWhenPackageIsAvailableTests@77624896]" name="validateTaskDetailsLogsAfterUinstall" duration-ms="2240" started-at="2015-04-02T22:09:37Z" depends-on-methods="com.apple.carnival.ui.localinstall.LocalInstallHotfixUsingNoForceInstallOptionWhenPackageIsAvailableTests.validateTaskDetailsPageAfterUninstall" finished-at="2015-04-02T22:09:39Z">
          <reporter-output>
            <line>
              <![CDATA[Validate Taks Details Logs]]>
            </line>
            <line>
              <![CDATA[The Action Log is : Thu Apr 02 22:08:39 PDT 2015 Uninstall Package(s): cottoncandyCONF14D.3a7b1 queued for execution.
Thu Apr 02 22:08:46 PDT 2015 User 17.153.41.45 requested uninstall of cottoncandyCONF14D.3a7b1 for project CarnivalQA on Carnival host vp21q01if-ztbu14114601.
Thu Apr 02 22:08:47 PDT 2015 cottoncandyCONF14D.3a7b1 uninstall confirmed on this Carnival host.
Thu Apr 02 22:08:48 PDT 2015 Sending uninstall requests to configured hosts...
Thu Apr 02 22:08:48 PDT 2015 Determining hosts missing package: cottoncandyCONF14D.3a7b1.  Sending followup uninstall requests to 2 active host(s).Expand/Collapse

Thu Apr 02 22:08:48 PDT 2015 Verifying uninstall. Giving applications up to 5 min.
Thu Apr 02 22:08:49 PDT 2015 cottoncandyCONF14D.3a7b1 has been confirmed on the required 2 hosts below: 
Expand/Collapse


Thu Apr 02 22:08:49 PDT 2015 Uninstall of cottoncandyCONF14D.3a7b1 for project CarnivalQA has succeeded on 100.0% ( 2 out of 2 ) of required hosts.  Acceptance Threshold entered by user: 100.0%.]]>
            </line>
          </reporter-output>
        </test-method> <!-- validateTaskDetailsLogsAfterUinstall -->
        <test-method status="PASS" signature="validateFileSystemOnWD40Host1ToCheckSerFileDoesNotExists()[pri:0, instance:com.apple.carnival.ui.localinstall.LocalInstallHotfixUsingNoForceInstallOptionWhenPackageIsAvailableTests@77624896]" name="validateFileSystemOnWD40Host1ToCheckSerFileDoesNotExists" duration-ms="2339" started-at="2015-04-02T22:09:39Z" depends-on-methods="com.apple.carnival.ui.localinstall.LocalInstallHotfixUsingNoForceInstallOptionWhenPackageIsAvailableTests.validateTaskDetailsLogsAfterUinstall" finished-at="2015-04-02T22:09:42Z">
          <reporter-output>
            <line>
              <![CDATA[Check to see .ser file does not exists under /opt/ais/local/.wd40-inventory/Install ]]>
            </line>
            <line>
              <![CDATA[Connecting to remote host using Jcraft Libraries to validate package does exists on carnival host]]>
            </line>
            <line>
              <![CDATA[.ser file location is :/opt/ais/local/.wd40-inventory/Install/]]>
            </line>
            <line>
              <![CDATA[The out put is : 
]]>
            </line>
          </reporter-output>
        </test-method> <!-- validateFileSystemOnWD40Host1ToCheckSerFileDoesNotExists -->
        <test-method status="PASS" signature="validateFileSystemOnWD40Host2ToCheckSerFileDoesNotExists()[pri:0, instance:com.apple.carnival.ui.localinstall.LocalInstallHotfixUsingNoForceInstallOptionWhenPackageIsAvailableTests@77624896]" name="validateFileSystemOnWD40Host2ToCheckSerFileDoesNotExists" duration-ms="2385" started-at="2015-04-02T22:09:42Z" depends-on-methods="com.apple.carnival.ui.localinstall.LocalInstallHotfixUsingNoForceInstallOptionWhenPackageIsAvailableTests.validateFileSystemOnWD40Host1ToCheckSerFileDoesNotExists" finished-at="2015-04-02T22:09:44Z">
          <reporter-output>
            <line>
              <![CDATA[Check to see .ser file exists under /opt/ais/local/.wd40-inventory/Install ]]>
            </line>
            <line>
              <![CDATA[Connecting to remote host using Jcraft Libraries to validate package does exists on carnival host]]>
            </line>
            <line>
              <![CDATA[.ser file location is :]]>
            </line>
            <line>
              <![CDATA[The out put is : 
]]>
            </line>
          </reporter-output>
        </test-method> <!-- validateFileSystemOnWD40Host2ToCheckSerFileDoesNotExists -->
        <test-method status="PASS" signature="validateFileSystemOnCarnivalHostToCheckSerFileDoesNotExists()[pri:0, instance:com.apple.carnival.ui.localinstall.LocalInstallHotfixUsingNoForceInstallOptionWhenPackageIsAvailableTests@77624896]" name="validateFileSystemOnCarnivalHostToCheckSerFileDoesNotExists" duration-ms="2327" started-at="2015-04-02T22:09:44Z" depends-on-methods="com.apple.carnival.ui.localinstall.LocalInstallHotfixUsingNoForceInstallOptionWhenPackageIsAvailableTests.validateFileSystemOnWD40Host2ToCheckSerFileDoesNotExists" finished-at="2015-04-02T22:09:46Z">
          <reporter-output>
            <line>
              <![CDATA[Check to see .ser file exists under /opt/ais/local/.wd40-inventory/Install ]]>
            </line>
            <line>
              <![CDATA[Connecting to remote host using Jcraft Libraries to validate package does exists on carnival host]]>
            </line>
            <line>
              <![CDATA[.ser file location is :]]>
            </line>
            <line>
              <![CDATA[The out put is : 
]]>
            </line>
          </reporter-output>
        </test-method> <!-- validateFileSystemOnCarnivalHostToCheckSerFileDoesNotExists -->
        <test-method status="PASS" signature="cleanUp()[pri:0, instance:com.apple.carnival.ui.localinstall.LocalInstallHotfixUsingNoForceInstallOptionWhenPackageIsAvailableTests@77624896]" name="cleanUp" is-config="true" duration-ms="2076" started-at="2015-04-02T22:09:46Z" finished-at="2015-04-02T22:09:48Z">
          <reporter-output>
            <line>
              <![CDATA[
Logging out and closing  browser session
]]>
            </line>
          </reporter-output>
        </test-method> <!-- cleanUp -->
      </class> <!-- com.apple.carnival.ui.localinstall.LocalInstallHotfixUsingNoForceInstallOptionWhenPackageIsAvailableTests -->
    </test> <!-- LOCAL-INSTALL-HOTFIX-TESTS -->
  </suite> <!-- CarnivalTestSuite -->
</testng-results>
